FATAL [Thread-3] 2021-10-27 16:42:00,945 repast.simphony.ui.GUIScheduleRunner - RunTimeException when running the schedule
Current tick (1.0)
java.lang.RuntimeException: java.lang.reflect.InvocationTargetException
	at repast.simphony.engine.schedule.DynamicTargetAction.execute(DynamicTargetAction.java:72)
	at repast.simphony.engine.controller.ScheduledMethodControllerAction$ScheduleMethodAllAction.execute(ScheduledMethodControllerAction.java:336)
	at repast.simphony.engine.schedule.DefaultAction.execute(DefaultAction.java:38)
	at repast.simphony.engine.schedule.ScheduleGroup.executeList(ScheduleGroup.java:205)
	at repast.simphony.engine.schedule.ScheduleGroup.execute(ScheduleGroup.java:231)
	at repast.simphony.engine.schedule.Schedule.execute(Schedule.java:352)
	at repast.simphony.ui.GUIScheduleRunner$ScheduleLoopRunnable.run(GUIScheduleRunner.java:52)
	at java.base/java.lang.Thread.run(Thread.java:834)
Caused by: java.lang.reflect.InvocationTargetException
	at jzombies.Zombie$$FastClassByCGLIB$$6141f31.invoke(<generated>)
	at net.sf.cglib.reflect.FastMethod.invoke(FastMethod.java:53)
	at repast.simphony.engine.schedule.DynamicTargetAction.execute(DynamicTargetAction.java:69)
	... 7 more
Caused by: java.lang.NullPointerException
	at repast.simphony.space.grid.VNContains.isNeighbor(VNContains.java:64)
	at repast.simphony.query.space.projection.WithinVN.evaluate(WithinVN.java:47)
	at repast.simphony.space.grid.AbstractGrid.evaluate(AbstractGrid.java:431)
	at repast.simphony.engine.watcher.query.WithinVNBooleanExpression.execute(WithinVNBooleanExpression.java:33)
	at repast.simphony.engine.watcher.query.AndBooleanCondition.execute(AndBooleanCondition.java:27)
	at repast.simphony.engine.watcher.ImmediateExecutor.scheduleExecution(ImmediateExecutor.java:30)
	at repast.simphony.engine.watcher.Notifier2.triggered(Notifier2.java:150)
	at repast.simphony.engine.watcher.WatcherTrigger.notify(WatcherTrigger.java:116)
	at repast.simphony.engine.watcher.WatcherTrigger.triggered(WatcherTrigger.java:146)
	at jzombies.Zombie.moveTowards(Zombie.java:90)
	at jzombies.Zombie.step(Zombie.java:70)
	... 10 more
ERROR [Thread-3] 2021-10-27 16:47:50,312 repast.simphony.engine.watcher.Notifier2 - Error while initializing watcher triggerScheduler
java.lang.NullPointerException
	at repast.simphony.space.grid.VNContains.isNeighbor(VNContains.java:64)
	at repast.simphony.query.space.projection.WithinVN.evaluate(WithinVN.java:47)
	at repast.simphony.space.grid.AbstractGrid.evaluate(AbstractGrid.java:431)
	at repast.simphony.engine.watcher.query.WithinVNBooleanExpression.execute(WithinVNBooleanExpression.java:33)
	at repast.simphony.engine.watcher.query.AndBooleanCondition.execute(AndBooleanCondition.java:27)
	at repast.simphony.engine.watcher.ImmediateExecutor.scheduleExecution(ImmediateExecutor.java:30)
	at repast.simphony.engine.watcher.Notifier2$SetupTrigger.scheduleExecution(Notifier2.java:56)
	at repast.simphony.engine.watcher.Notifier2.triggered(Notifier2.java:150)
	at repast.simphony.engine.watcher.WatcherTrigger.notify(WatcherTrigger.java:116)
	at repast.simphony.engine.watcher.WatcherTrigger.triggered(WatcherTrigger.java:146)
	at jzombies.Zombie.moveTowards(Zombie.java:90)
	at jzombies.Zombie.step(Zombie.java:70)
	at jzombies.Zombie$$FastClassByCGLIB$$6141f31.invoke(<generated>)
	at net.sf.cglib.reflect.FastMethod.invoke(FastMethod.java:53)
	at repast.simphony.engine.schedule.DynamicTargetAction.execute(DynamicTargetAction.java:69)
	at repast.simphony.engine.controller.ScheduledMethodControllerAction$ScheduleMethodAllAction.execute(ScheduledMethodControllerAction.java:336)
	at repast.simphony.engine.schedule.DefaultAction.execute(DefaultAction.java:38)
	at repast.simphony.engine.schedule.ScheduleGroup.executeList(ScheduleGroup.java:205)
	at repast.simphony.engine.schedule.ScheduleGroup.execute(ScheduleGroup.java:231)
	at repast.simphony.engine.schedule.Schedule.execute(Schedule.java:352)
	at repast.simphony.ui.GUIScheduleRunner$ScheduleLoopRunnable.run(GUIScheduleRunner.java:52)
	at java.base/java.lang.Thread.run(Thread.java:834)
FATAL [Thread-3] 2021-10-27 16:47:57,224 repast.simphony.ui.GUIScheduleRunner - RunTimeException when running the schedule
Current tick (1.0)
java.lang.RuntimeException: java.lang.reflect.InvocationTargetException
	at repast.simphony.engine.schedule.DynamicTargetAction.execute(DynamicTargetAction.java:72)
	at repast.simphony.engine.controller.ScheduledMethodControllerAction$ScheduleMethodAllAction.execute(ScheduledMethodControllerAction.java:336)
	at repast.simphony.engine.schedule.DefaultAction.execute(DefaultAction.java:38)
	at repast.simphony.engine.schedule.ScheduleGroup.executeList(ScheduleGroup.java:205)
	at repast.simphony.engine.schedule.ScheduleGroup.execute(ScheduleGroup.java:231)
	at repast.simphony.engine.schedule.Schedule.execute(Schedule.java:352)
	at repast.simphony.ui.GUIScheduleRunner$ScheduleLoopRunnable.run(GUIScheduleRunner.java:52)
	at java.base/java.lang.Thread.run(Thread.java:834)
Caused by: java.lang.reflect.InvocationTargetException
	at jzombies.Zombie$$FastClassByCGLIB$$6141f31.invoke(<generated>)
	at net.sf.cglib.reflect.FastMethod.invoke(FastMethod.java:53)
	at repast.simphony.engine.schedule.DynamicTargetAction.execute(DynamicTargetAction.java:69)
	... 7 more
Caused by: java.lang.NullPointerException
	at repast.simphony.space.grid.VNContains.isNeighbor(VNContains.java:64)
	at repast.simphony.query.space.projection.WithinVN.evaluate(WithinVN.java:47)
	at repast.simphony.space.grid.AbstractGrid.evaluate(AbstractGrid.java:431)
	at repast.simphony.engine.watcher.query.WithinVNBooleanExpression.execute(WithinVNBooleanExpression.java:33)
	at repast.simphony.engine.watcher.query.AndBooleanCondition.execute(AndBooleanCondition.java:27)
	at repast.simphony.engine.watcher.ImmediateExecutor.scheduleExecution(ImmediateExecutor.java:30)
	at repast.simphony.engine.watcher.Notifier2.triggered(Notifier2.java:150)
	at repast.simphony.engine.watcher.WatcherTrigger.notify(WatcherTrigger.java:116)
	at repast.simphony.engine.watcher.WatcherTrigger.triggered(WatcherTrigger.java:146)
	at jzombies.Zombie.moveTowards(Zombie.java:90)
	at jzombies.Zombie.step(Zombie.java:70)
	... 10 more
ERROR [Thread-3] 2021-10-27 16:59:05,658 repast.simphony.engine.watcher.Notifier2 - Error while initializing watcher triggerScheduler
java.lang.NullPointerException
	at repast.simphony.space.grid.VNContains.isNeighbor(VNContains.java:64)
	at repast.simphony.query.space.projection.WithinVN.evaluate(WithinVN.java:47)
	at repast.simphony.space.grid.AbstractGrid.evaluate(AbstractGrid.java:431)
	at repast.simphony.engine.watcher.query.WithinVNBooleanExpression.execute(WithinVNBooleanExpression.java:33)
	at repast.simphony.engine.watcher.query.AndBooleanCondition.execute(AndBooleanCondition.java:27)
	at repast.simphony.engine.watcher.ImmediateExecutor.scheduleExecution(ImmediateExecutor.java:30)
	at repast.simphony.engine.watcher.Notifier2$SetupTrigger.scheduleExecution(Notifier2.java:56)
	at repast.simphony.engine.watcher.Notifier2.triggered(Notifier2.java:150)
	at repast.simphony.engine.watcher.WatcherTrigger.notify(WatcherTrigger.java:116)
	at repast.simphony.engine.watcher.WatcherTrigger.triggered(WatcherTrigger.java:146)
	at jzombies.Zombie.moveTowards(Zombie.java:93)
	at jzombies.Zombie.step(Zombie.java:70)
	at jzombies.Zombie$$FastClassByCGLIB$$6141f31.invoke(<generated>)
	at net.sf.cglib.reflect.FastMethod.invoke(FastMethod.java:53)
	at repast.simphony.engine.schedule.DynamicTargetAction.execute(DynamicTargetAction.java:69)
	at repast.simphony.engine.controller.ScheduledMethodControllerAction$ScheduleMethodAllAction.execute(ScheduledMethodControllerAction.java:336)
	at repast.simphony.engine.schedule.DefaultAction.execute(DefaultAction.java:38)
	at repast.simphony.engine.schedule.ScheduleGroup.executeList(ScheduleGroup.java:205)
	at repast.simphony.engine.schedule.ScheduleGroup.execute(ScheduleGroup.java:231)
	at repast.simphony.engine.schedule.Schedule.execute(Schedule.java:352)
	at repast.simphony.ui.GUIScheduleRunner$ScheduleLoopRunnable.run(GUIScheduleRunner.java:52)
	at java.base/java.lang.Thread.run(Thread.java:834)
FATAL [Thread-3] 2021-10-27 16:59:12,361 repast.simphony.ui.GUIScheduleRunner - RunTimeException when running the schedule
Current tick (1.0)
java.lang.RuntimeException: java.lang.reflect.InvocationTargetException
	at repast.simphony.engine.schedule.DynamicTargetAction.execute(DynamicTargetAction.java:72)
	at repast.simphony.engine.controller.ScheduledMethodControllerAction$ScheduleMethodAllAction.execute(ScheduledMethodControllerAction.java:336)
	at repast.simphony.engine.schedule.DefaultAction.execute(DefaultAction.java:38)
	at repast.simphony.engine.schedule.ScheduleGroup.executeList(ScheduleGroup.java:205)
	at repast.simphony.engine.schedule.ScheduleGroup.execute(ScheduleGroup.java:231)
	at repast.simphony.engine.schedule.Schedule.execute(Schedule.java:352)
	at repast.simphony.ui.GUIScheduleRunner$ScheduleLoopRunnable.run(GUIScheduleRunner.java:52)
	at java.base/java.lang.Thread.run(Thread.java:834)
Caused by: java.lang.reflect.InvocationTargetException
	at jzombies.Zombie$$FastClassByCGLIB$$6141f31.invoke(<generated>)
	at net.sf.cglib.reflect.FastMethod.invoke(FastMethod.java:53)
	at repast.simphony.engine.schedule.DynamicTargetAction.execute(DynamicTargetAction.java:69)
	... 7 more
Caused by: java.lang.NullPointerException
	at repast.simphony.space.grid.VNContains.isNeighbor(VNContains.java:64)
	at repast.simphony.query.space.projection.WithinVN.evaluate(WithinVN.java:47)
	at repast.simphony.space.grid.AbstractGrid.evaluate(AbstractGrid.java:431)
	at repast.simphony.engine.watcher.query.WithinVNBooleanExpression.execute(WithinVNBooleanExpression.java:33)
	at repast.simphony.engine.watcher.query.AndBooleanCondition.execute(AndBooleanCondition.java:27)
	at repast.simphony.engine.watcher.ImmediateExecutor.scheduleExecution(ImmediateExecutor.java:30)
	at repast.simphony.engine.watcher.Notifier2.triggered(Notifier2.java:150)
	at repast.simphony.engine.watcher.WatcherTrigger.notify(WatcherTrigger.java:116)
	at repast.simphony.engine.watcher.WatcherTrigger.triggered(WatcherTrigger.java:146)
	at jzombies.Zombie.moveTowards(Zombie.java:93)
	at jzombies.Zombie.step(Zombie.java:70)
	... 10 more
ERROR [Thread-3] 2021-10-28 10:10:07,470 repast.simphony.engine.watcher.Notifier2 - Error while initializing watcher triggerScheduler
java.lang.NullPointerException
	at repast.simphony.space.grid.VNContains.isNeighbor(VNContains.java:64)
	at repast.simphony.query.space.projection.WithinVN.evaluate(WithinVN.java:47)
	at repast.simphony.space.grid.AbstractGrid.evaluate(AbstractGrid.java:431)
	at repast.simphony.engine.watcher.query.WithinVNBooleanExpression.execute(WithinVNBooleanExpression.java:33)
	at repast.simphony.engine.watcher.query.AndBooleanCondition.execute(AndBooleanCondition.java:27)
	at repast.simphony.engine.watcher.ImmediateExecutor.scheduleExecution(ImmediateExecutor.java:30)
	at repast.simphony.engine.watcher.Notifier2$SetupTrigger.scheduleExecution(Notifier2.java:56)
	at repast.simphony.engine.watcher.Notifier2.triggered(Notifier2.java:150)
	at repast.simphony.engine.watcher.WatcherTrigger.notify(WatcherTrigger.java:116)
	at repast.simphony.engine.watcher.WatcherTrigger.triggered(WatcherTrigger.java:146)
	at jzombies.Zombie.moveTowards(Zombie.java:93)
	at jzombies.Zombie.step(Zombie.java:70)
	at jzombies.Zombie$$FastClassByCGLIB$$6141f31.invoke(<generated>)
	at net.sf.cglib.reflect.FastMethod.invoke(FastMethod.java:53)
	at repast.simphony.engine.schedule.DynamicTargetAction.execute(DynamicTargetAction.java:69)
	at repast.simphony.engine.controller.ScheduledMethodControllerAction$ScheduleMethodAllAction.execute(ScheduledMethodControllerAction.java:336)
	at repast.simphony.engine.schedule.DefaultAction.execute(DefaultAction.java:38)
	at repast.simphony.engine.schedule.ScheduleGroup.executeList(ScheduleGroup.java:205)
	at repast.simphony.engine.schedule.ScheduleGroup.execute(ScheduleGroup.java:231)
	at repast.simphony.engine.schedule.Schedule.execute(Schedule.java:352)
	at repast.simphony.ui.GUIScheduleRunner$ScheduleLoopRunnable.run(GUIScheduleRunner.java:52)
	at java.base/java.lang.Thread.run(Thread.java:834)
FATAL [Thread-3] 2021-10-28 10:10:14,573 repast.simphony.ui.GUIScheduleRunner - RunTimeException when running the schedule
Current tick (1.0)
java.lang.RuntimeException: java.lang.reflect.InvocationTargetException
	at repast.simphony.engine.schedule.DynamicTargetAction.execute(DynamicTargetAction.java:72)
	at repast.simphony.engine.controller.ScheduledMethodControllerAction$ScheduleMethodAllAction.execute(ScheduledMethodControllerAction.java:336)
	at repast.simphony.engine.schedule.DefaultAction.execute(DefaultAction.java:38)
	at repast.simphony.engine.schedule.ScheduleGroup.executeList(ScheduleGroup.java:205)
	at repast.simphony.engine.schedule.ScheduleGroup.execute(ScheduleGroup.java:231)
	at repast.simphony.engine.schedule.Schedule.execute(Schedule.java:352)
	at repast.simphony.ui.GUIScheduleRunner$ScheduleLoopRunnable.run(GUIScheduleRunner.java:52)
	at java.base/java.lang.Thread.run(Thread.java:834)
Caused by: java.lang.reflect.InvocationTargetException
	at jzombies.Zombie$$FastClassByCGLIB$$6141f31.invoke(<generated>)
	at net.sf.cglib.reflect.FastMethod.invoke(FastMethod.java:53)
	at repast.simphony.engine.schedule.DynamicTargetAction.execute(DynamicTargetAction.java:69)
	... 7 more
Caused by: java.lang.NullPointerException
	at repast.simphony.space.grid.VNContains.isNeighbor(VNContains.java:64)
	at repast.simphony.query.space.projection.WithinVN.evaluate(WithinVN.java:47)
	at repast.simphony.space.grid.AbstractGrid.evaluate(AbstractGrid.java:431)
	at repast.simphony.engine.watcher.query.WithinVNBooleanExpression.execute(WithinVNBooleanExpression.java:33)
	at repast.simphony.engine.watcher.query.AndBooleanCondition.execute(AndBooleanCondition.java:27)
	at repast.simphony.engine.watcher.ImmediateExecutor.scheduleExecution(ImmediateExecutor.java:30)
	at repast.simphony.engine.watcher.Notifier2.triggered(Notifier2.java:150)
	at repast.simphony.engine.watcher.WatcherTrigger.notify(WatcherTrigger.java:116)
	at repast.simphony.engine.watcher.WatcherTrigger.triggered(WatcherTrigger.java:146)
	at jzombies.Zombie.moveTowards(Zombie.java:93)
	at jzombies.Zombie.step(Zombie.java:70)
	... 10 more
ERROR [Thread-3] 2021-10-28 10:11:55,147 repast.simphony.engine.watcher.Notifier2 - Error while initializing watcher triggerScheduler
java.lang.NullPointerException
	at repast.simphony.space.grid.VNContains.isNeighbor(VNContains.java:64)
	at repast.simphony.query.space.projection.WithinVN.evaluate(WithinVN.java:47)
	at repast.simphony.space.grid.AbstractGrid.evaluate(AbstractGrid.java:431)
	at repast.simphony.engine.watcher.query.WithinVNBooleanExpression.execute(WithinVNBooleanExpression.java:33)
	at repast.simphony.engine.watcher.query.AndBooleanCondition.execute(AndBooleanCondition.java:27)
	at repast.simphony.engine.watcher.ImmediateExecutor.scheduleExecution(ImmediateExecutor.java:30)
	at repast.simphony.engine.watcher.Notifier2$SetupTrigger.scheduleExecution(Notifier2.java:56)
	at repast.simphony.engine.watcher.Notifier2.triggered(Notifier2.java:150)
	at repast.simphony.engine.watcher.WatcherTrigger.notify(WatcherTrigger.java:116)
	at repast.simphony.engine.watcher.WatcherTrigger.triggered(WatcherTrigger.java:146)
	at jzombies.Zombie.moveTowards(Zombie.java:93)
	at jzombies.Zombie.step(Zombie.java:70)
	at jzombies.Zombie$$FastClassByCGLIB$$6141f31.invoke(<generated>)
	at net.sf.cglib.reflect.FastMethod.invoke(FastMethod.java:53)
	at repast.simphony.engine.schedule.DynamicTargetAction.execute(DynamicTargetAction.java:69)
	at repast.simphony.engine.controller.ScheduledMethodControllerAction$ScheduleMethodAllAction.execute(ScheduledMethodControllerAction.java:336)
	at repast.simphony.engine.schedule.DefaultAction.execute(DefaultAction.java:38)
	at repast.simphony.engine.schedule.ScheduleGroup.executeList(ScheduleGroup.java:205)
	at repast.simphony.engine.schedule.ScheduleGroup.execute(ScheduleGroup.java:231)
	at repast.simphony.engine.schedule.Schedule.execute(Schedule.java:352)
	at repast.simphony.ui.GUIScheduleRunner$ScheduleLoopRunnable.run(GUIScheduleRunner.java:52)
	at java.base/java.lang.Thread.run(Thread.java:834)
FATAL [Thread-3] 2021-10-28 10:12:02,082 repast.simphony.ui.GUIScheduleRunner - RunTimeException when running the schedule
Current tick (1.0)
java.lang.RuntimeException: java.lang.reflect.InvocationTargetException
	at repast.simphony.engine.schedule.DynamicTargetAction.execute(DynamicTargetAction.java:72)
	at repast.simphony.engine.controller.ScheduledMethodControllerAction$ScheduleMethodAllAction.execute(ScheduledMethodControllerAction.java:336)
	at repast.simphony.engine.schedule.DefaultAction.execute(DefaultAction.java:38)
	at repast.simphony.engine.schedule.ScheduleGroup.executeList(ScheduleGroup.java:205)
	at repast.simphony.engine.schedule.ScheduleGroup.execute(ScheduleGroup.java:231)
	at repast.simphony.engine.schedule.Schedule.execute(Schedule.java:352)
	at repast.simphony.ui.GUIScheduleRunner$ScheduleLoopRunnable.run(GUIScheduleRunner.java:52)
	at java.base/java.lang.Thread.run(Thread.java:834)
Caused by: java.lang.reflect.InvocationTargetException
	at jzombies.Zombie$$FastClassByCGLIB$$6141f31.invoke(<generated>)
	at net.sf.cglib.reflect.FastMethod.invoke(FastMethod.java:53)
	at repast.simphony.engine.schedule.DynamicTargetAction.execute(DynamicTargetAction.java:69)
	... 7 more
Caused by: java.lang.NullPointerException
	at repast.simphony.space.grid.VNContains.isNeighbor(VNContains.java:64)
	at repast.simphony.query.space.projection.WithinVN.evaluate(WithinVN.java:47)
	at repast.simphony.space.grid.AbstractGrid.evaluate(AbstractGrid.java:431)
	at repast.simphony.engine.watcher.query.WithinVNBooleanExpression.execute(WithinVNBooleanExpression.java:33)
	at repast.simphony.engine.watcher.query.AndBooleanCondition.execute(AndBooleanCondition.java:27)
	at repast.simphony.engine.watcher.ImmediateExecutor.scheduleExecution(ImmediateExecutor.java:30)
	at repast.simphony.engine.watcher.Notifier2.triggered(Notifier2.java:150)
	at repast.simphony.engine.watcher.WatcherTrigger.notify(WatcherTrigger.java:116)
	at repast.simphony.engine.watcher.WatcherTrigger.triggered(WatcherTrigger.java:146)
	at jzombies.Zombie.moveTowards(Zombie.java:93)
	at jzombies.Zombie.step(Zombie.java:70)
	... 10 more
ERROR [Thread-3] 2021-10-28 10:19:56,167 repast.simphony.engine.watcher.Notifier2 - Error while initializing watcher triggerScheduler
java.lang.NullPointerException
	at repast.simphony.space.grid.VNContains.isNeighbor(VNContains.java:64)
	at repast.simphony.query.space.projection.WithinVN.evaluate(WithinVN.java:47)
	at repast.simphony.space.grid.AbstractGrid.evaluate(AbstractGrid.java:431)
	at repast.simphony.engine.watcher.query.WithinVNBooleanExpression.execute(WithinVNBooleanExpression.java:33)
	at repast.simphony.engine.watcher.query.AndBooleanCondition.execute(AndBooleanCondition.java:27)
	at repast.simphony.engine.watcher.ImmediateExecutor.scheduleExecution(ImmediateExecutor.java:30)
	at repast.simphony.engine.watcher.Notifier2$SetupTrigger.scheduleExecution(Notifier2.java:56)
	at repast.simphony.engine.watcher.Notifier2.triggered(Notifier2.java:150)
	at repast.simphony.engine.watcher.WatcherTrigger.notify(WatcherTrigger.java:116)
	at repast.simphony.engine.watcher.WatcherTrigger.triggered(WatcherTrigger.java:146)
	at jzombies.Zombie.moveTowards(Zombie.java:91)
	at jzombies.Zombie.step(Zombie.java:70)
	at jzombies.Zombie$$FastClassByCGLIB$$6141f31.invoke(<generated>)
	at net.sf.cglib.reflect.FastMethod.invoke(FastMethod.java:53)
	at repast.simphony.engine.schedule.DynamicTargetAction.execute(DynamicTargetAction.java:69)
	at repast.simphony.engine.controller.ScheduledMethodControllerAction$ScheduleMethodAllAction.execute(ScheduledMethodControllerAction.java:336)
	at repast.simphony.engine.schedule.DefaultAction.execute(DefaultAction.java:38)
	at repast.simphony.engine.schedule.ScheduleGroup.executeList(ScheduleGroup.java:205)
	at repast.simphony.engine.schedule.ScheduleGroup.execute(ScheduleGroup.java:231)
	at repast.simphony.engine.schedule.Schedule.execute(Schedule.java:352)
	at repast.simphony.ui.GUIScheduleRunner$ScheduleLoopRunnable.run(GUIScheduleRunner.java:52)
	at java.base/java.lang.Thread.run(Thread.java:834)
FATAL [Thread-3] 2021-10-28 10:20:03,259 repast.simphony.ui.GUIScheduleRunner - RunTimeException when running the schedule
Current tick (1.0)
java.lang.RuntimeException: java.lang.reflect.InvocationTargetException
	at repast.simphony.engine.schedule.DynamicTargetAction.execute(DynamicTargetAction.java:72)
	at repast.simphony.engine.controller.ScheduledMethodControllerAction$ScheduleMethodAllAction.execute(ScheduledMethodControllerAction.java:336)
	at repast.simphony.engine.schedule.DefaultAction.execute(DefaultAction.java:38)
	at repast.simphony.engine.schedule.ScheduleGroup.executeList(ScheduleGroup.java:205)
	at repast.simphony.engine.schedule.ScheduleGroup.execute(ScheduleGroup.java:231)
	at repast.simphony.engine.schedule.Schedule.execute(Schedule.java:352)
	at repast.simphony.ui.GUIScheduleRunner$ScheduleLoopRunnable.run(GUIScheduleRunner.java:52)
	at java.base/java.lang.Thread.run(Thread.java:834)
Caused by: java.lang.reflect.InvocationTargetException
	at jzombies.Zombie$$FastClassByCGLIB$$6141f31.invoke(<generated>)
	at net.sf.cglib.reflect.FastMethod.invoke(FastMethod.java:53)
	at repast.simphony.engine.schedule.DynamicTargetAction.execute(DynamicTargetAction.java:69)
	... 7 more
Caused by: java.lang.NullPointerException
	at repast.simphony.space.grid.VNContains.isNeighbor(VNContains.java:64)
	at repast.simphony.query.space.projection.WithinVN.evaluate(WithinVN.java:47)
	at repast.simphony.space.grid.AbstractGrid.evaluate(AbstractGrid.java:431)
	at repast.simphony.engine.watcher.query.WithinVNBooleanExpression.execute(WithinVNBooleanExpression.java:33)
	at repast.simphony.engine.watcher.query.AndBooleanCondition.execute(AndBooleanCondition.java:27)
	at repast.simphony.engine.watcher.ImmediateExecutor.scheduleExecution(ImmediateExecutor.java:30)
	at repast.simphony.engine.watcher.Notifier2.triggered(Notifier2.java:150)
	at repast.simphony.engine.watcher.WatcherTrigger.notify(WatcherTrigger.java:116)
	at repast.simphony.engine.watcher.WatcherTrigger.triggered(WatcherTrigger.java:146)
	at jzombies.Zombie.moveTowards(Zombie.java:91)
	at jzombies.Zombie.step(Zombie.java:70)
	... 10 more
ERROR [Thread-3] 2021-10-28 10:26:22,862 repast.simphony.engine.watcher.Notifier2 - Error while initializing watcher triggerScheduler
java.lang.NullPointerException
	at repast.simphony.space.grid.VNContains.isNeighbor(VNContains.java:64)
	at repast.simphony.query.space.projection.WithinVN.evaluate(WithinVN.java:47)
	at repast.simphony.space.grid.AbstractGrid.evaluate(AbstractGrid.java:431)
	at repast.simphony.engine.watcher.query.WithinVNBooleanExpression.execute(WithinVNBooleanExpression.java:33)
	at repast.simphony.engine.watcher.query.AndBooleanCondition.execute(AndBooleanCondition.java:27)
	at repast.simphony.engine.watcher.ImmediateExecutor.scheduleExecution(ImmediateExecutor.java:30)
	at repast.simphony.engine.watcher.Notifier2$SetupTrigger.scheduleExecution(Notifier2.java:56)
	at repast.simphony.engine.watcher.Notifier2.triggered(Notifier2.java:150)
	at repast.simphony.engine.watcher.WatcherTrigger.notify(WatcherTrigger.java:116)
	at repast.simphony.engine.watcher.WatcherTrigger.triggered(WatcherTrigger.java:146)
	at jzombies.Zombie.moveTowards(Zombie.java:91)
	at jzombies.Zombie.step(Zombie.java:70)
	at jzombies.Zombie$$FastClassByCGLIB$$6141f31.invoke(<generated>)
	at net.sf.cglib.reflect.FastMethod.invoke(FastMethod.java:53)
	at repast.simphony.engine.schedule.DynamicTargetAction.execute(DynamicTargetAction.java:69)
	at repast.simphony.engine.controller.ScheduledMethodControllerAction$ScheduleMethodAllAction.execute(ScheduledMethodControllerAction.java:336)
	at repast.simphony.engine.schedule.DefaultAction.execute(DefaultAction.java:38)
	at repast.simphony.engine.schedule.ScheduleGroup.executeList(ScheduleGroup.java:205)
	at repast.simphony.engine.schedule.ScheduleGroup.execute(ScheduleGroup.java:231)
	at repast.simphony.engine.schedule.Schedule.execute(Schedule.java:352)
	at repast.simphony.ui.GUIScheduleRunner$ScheduleLoopRunnable.run(GUIScheduleRunner.java:52)
	at java.base/java.lang.Thread.run(Thread.java:834)
FATAL [Thread-3] 2021-10-28 10:26:29,796 repast.simphony.ui.GUIScheduleRunner - RunTimeException when running the schedule
Current tick (1.0)
java.lang.RuntimeException: java.lang.reflect.InvocationTargetException
	at repast.simphony.engine.schedule.DynamicTargetAction.execute(DynamicTargetAction.java:72)
	at repast.simphony.engine.controller.ScheduledMethodControllerAction$ScheduleMethodAllAction.execute(ScheduledMethodControllerAction.java:336)
	at repast.simphony.engine.schedule.DefaultAction.execute(DefaultAction.java:38)
	at repast.simphony.engine.schedule.ScheduleGroup.executeList(ScheduleGroup.java:205)
	at repast.simphony.engine.schedule.ScheduleGroup.execute(ScheduleGroup.java:231)
	at repast.simphony.engine.schedule.Schedule.execute(Schedule.java:352)
	at repast.simphony.ui.GUIScheduleRunner$ScheduleLoopRunnable.run(GUIScheduleRunner.java:52)
	at java.base/java.lang.Thread.run(Thread.java:834)
Caused by: java.lang.reflect.InvocationTargetException
	at jzombies.Zombie$$FastClassByCGLIB$$6141f31.invoke(<generated>)
	at net.sf.cglib.reflect.FastMethod.invoke(FastMethod.java:53)
	at repast.simphony.engine.schedule.DynamicTargetAction.execute(DynamicTargetAction.java:69)
	... 7 more
Caused by: java.lang.NullPointerException
	at repast.simphony.space.grid.VNContains.isNeighbor(VNContains.java:64)
	at repast.simphony.query.space.projection.WithinVN.evaluate(WithinVN.java:47)
	at repast.simphony.space.grid.AbstractGrid.evaluate(AbstractGrid.java:431)
	at repast.simphony.engine.watcher.query.WithinVNBooleanExpression.execute(WithinVNBooleanExpression.java:33)
	at repast.simphony.engine.watcher.query.AndBooleanCondition.execute(AndBooleanCondition.java:27)
	at repast.simphony.engine.watcher.ImmediateExecutor.scheduleExecution(ImmediateExecutor.java:30)
	at repast.simphony.engine.watcher.Notifier2.triggered(Notifier2.java:150)
	at repast.simphony.engine.watcher.WatcherTrigger.notify(WatcherTrigger.java:116)
	at repast.simphony.engine.watcher.WatcherTrigger.triggered(WatcherTrigger.java:146)
	at jzombies.Zombie.moveTowards(Zombie.java:91)
	at jzombies.Zombie.step(Zombie.java:70)
	... 10 more
ERROR [Thread-3] 2021-10-28 10:36:57,711 repast.simphony.engine.watcher.Notifier2 - Error while initializing watcher triggerScheduler
java.lang.NullPointerException
	at repast.simphony.space.grid.VNContains.isNeighbor(VNContains.java:64)
	at repast.simphony.query.space.projection.WithinVN.evaluate(WithinVN.java:47)
	at repast.simphony.space.grid.AbstractGrid.evaluate(AbstractGrid.java:431)
	at repast.simphony.engine.watcher.query.WithinVNBooleanExpression.execute(WithinVNBooleanExpression.java:33)
	at repast.simphony.engine.watcher.query.AndBooleanCondition.execute(AndBooleanCondition.java:27)
	at repast.simphony.engine.watcher.ImmediateExecutor.scheduleExecution(ImmediateExecutor.java:30)
	at repast.simphony.engine.watcher.Notifier2$SetupTrigger.scheduleExecution(Notifier2.java:56)
	at repast.simphony.engine.watcher.Notifier2.triggered(Notifier2.java:150)
	at repast.simphony.engine.watcher.WatcherTrigger.notify(WatcherTrigger.java:116)
	at repast.simphony.engine.watcher.WatcherTrigger.triggered(WatcherTrigger.java:146)
	at jzombies.Zombie.moveTowards(Zombie.java:91)
	at jzombies.Zombie.step(Zombie.java:70)
	at jzombies.Zombie$$FastClassByCGLIB$$6141f31.invoke(<generated>)
	at net.sf.cglib.reflect.FastMethod.invoke(FastMethod.java:53)
	at repast.simphony.engine.schedule.DynamicTargetAction.execute(DynamicTargetAction.java:69)
	at repast.simphony.engine.controller.ScheduledMethodControllerAction$ScheduleMethodAllAction.execute(ScheduledMethodControllerAction.java:336)
	at repast.simphony.engine.schedule.DefaultAction.execute(DefaultAction.java:38)
	at repast.simphony.engine.schedule.ScheduleGroup.executeList(ScheduleGroup.java:205)
	at repast.simphony.engine.schedule.ScheduleGroup.execute(ScheduleGroup.java:231)
	at repast.simphony.engine.schedule.Schedule.execute(Schedule.java:352)
	at repast.simphony.ui.GUIScheduleRunner$ScheduleLoopRunnable.run(GUIScheduleRunner.java:52)
	at java.base/java.lang.Thread.run(Thread.java:834)
FATAL [Thread-3] 2021-10-28 10:37:04,974 repast.simphony.ui.GUIScheduleRunner - RunTimeException when running the schedule
Current tick (1.0)
java.lang.RuntimeException: java.lang.reflect.InvocationTargetException
	at repast.simphony.engine.schedule.DynamicTargetAction.execute(DynamicTargetAction.java:72)
	at repast.simphony.engine.controller.ScheduledMethodControllerAction$ScheduleMethodAllAction.execute(ScheduledMethodControllerAction.java:336)
	at repast.simphony.engine.schedule.DefaultAction.execute(DefaultAction.java:38)
	at repast.simphony.engine.schedule.ScheduleGroup.executeList(ScheduleGroup.java:205)
	at repast.simphony.engine.schedule.ScheduleGroup.execute(ScheduleGroup.java:231)
	at repast.simphony.engine.schedule.Schedule.execute(Schedule.java:352)
	at repast.simphony.ui.GUIScheduleRunner$ScheduleLoopRunnable.run(GUIScheduleRunner.java:52)
	at java.base/java.lang.Thread.run(Thread.java:834)
Caused by: java.lang.reflect.InvocationTargetException
	at jzombies.Zombie$$FastClassByCGLIB$$6141f31.invoke(<generated>)
	at net.sf.cglib.reflect.FastMethod.invoke(FastMethod.java:53)
	at repast.simphony.engine.schedule.DynamicTargetAction.execute(DynamicTargetAction.java:69)
	... 7 more
Caused by: java.lang.NullPointerException
	at repast.simphony.space.grid.VNContains.isNeighbor(VNContains.java:64)
	at repast.simphony.query.space.projection.WithinVN.evaluate(WithinVN.java:47)
	at repast.simphony.space.grid.AbstractGrid.evaluate(AbstractGrid.java:431)
	at repast.simphony.engine.watcher.query.WithinVNBooleanExpression.execute(WithinVNBooleanExpression.java:33)
	at repast.simphony.engine.watcher.query.AndBooleanCondition.execute(AndBooleanCondition.java:27)
	at repast.simphony.engine.watcher.ImmediateExecutor.scheduleExecution(ImmediateExecutor.java:30)
	at repast.simphony.engine.watcher.Notifier2.triggered(Notifier2.java:150)
	at repast.simphony.engine.watcher.WatcherTrigger.notify(WatcherTrigger.java:116)
	at repast.simphony.engine.watcher.WatcherTrigger.triggered(WatcherTrigger.java:146)
	at jzombies.Zombie.moveTowards(Zombie.java:91)
	at jzombies.Zombie.step(Zombie.java:70)
	... 10 more
ERROR [Thread-3] 2021-10-28 10:45:58,528 repast.simphony.engine.watcher.Notifier2 - Error while initializing watcher triggerScheduler
java.lang.NullPointerException
	at repast.simphony.space.grid.VNContains.isNeighbor(VNContains.java:64)
	at repast.simphony.query.space.projection.WithinVN.evaluate(WithinVN.java:47)
	at repast.simphony.space.grid.AbstractGrid.evaluate(AbstractGrid.java:431)
	at repast.simphony.engine.watcher.query.WithinVNBooleanExpression.execute(WithinVNBooleanExpression.java:33)
	at repast.simphony.engine.watcher.query.AndBooleanCondition.execute(AndBooleanCondition.java:27)
	at repast.simphony.engine.watcher.ImmediateExecutor.scheduleExecution(ImmediateExecutor.java:30)
	at repast.simphony.engine.watcher.Notifier2$SetupTrigger.scheduleExecution(Notifier2.java:56)
	at repast.simphony.engine.watcher.Notifier2.triggered(Notifier2.java:150)
	at repast.simphony.engine.watcher.WatcherTrigger.notify(WatcherTrigger.java:116)
	at repast.simphony.engine.watcher.WatcherTrigger.triggered(WatcherTrigger.java:146)
	at jzombies.Zombie.moveTowards(Zombie.java:91)
	at jzombies.Zombie.step(Zombie.java:70)
	at jzombies.Zombie$$FastClassByCGLIB$$6141f31.invoke(<generated>)
	at net.sf.cglib.reflect.FastMethod.invoke(FastMethod.java:53)
	at repast.simphony.engine.schedule.DynamicTargetAction.execute(DynamicTargetAction.java:69)
	at repast.simphony.engine.controller.ScheduledMethodControllerAction$ScheduleMethodAllAction.execute(ScheduledMethodControllerAction.java:336)
	at repast.simphony.engine.schedule.DefaultAction.execute(DefaultAction.java:38)
	at repast.simphony.engine.schedule.ScheduleGroup.executeList(ScheduleGroup.java:205)
	at repast.simphony.engine.schedule.ScheduleGroup.execute(ScheduleGroup.java:231)
	at repast.simphony.engine.schedule.Schedule.execute(Schedule.java:352)
	at repast.simphony.ui.GUIScheduleRunner$ScheduleLoopRunnable.run(GUIScheduleRunner.java:52)
	at java.base/java.lang.Thread.run(Thread.java:834)
FATAL [Thread-3] 2021-10-28 10:46:05,157 repast.simphony.ui.GUIScheduleRunner - RunTimeException when running the schedule
Current tick (1.0)
java.lang.RuntimeException: java.lang.reflect.InvocationTargetException
	at repast.simphony.engine.schedule.DynamicTargetAction.execute(DynamicTargetAction.java:72)
	at repast.simphony.engine.controller.ScheduledMethodControllerAction$ScheduleMethodAllAction.execute(ScheduledMethodControllerAction.java:336)
	at repast.simphony.engine.schedule.DefaultAction.execute(DefaultAction.java:38)
	at repast.simphony.engine.schedule.ScheduleGroup.executeList(ScheduleGroup.java:205)
	at repast.simphony.engine.schedule.ScheduleGroup.execute(ScheduleGroup.java:231)
	at repast.simphony.engine.schedule.Schedule.execute(Schedule.java:352)
	at repast.simphony.ui.GUIScheduleRunner$ScheduleLoopRunnable.run(GUIScheduleRunner.java:52)
	at java.base/java.lang.Thread.run(Thread.java:834)
Caused by: java.lang.reflect.InvocationTargetException
	at jzombies.Zombie$$FastClassByCGLIB$$6141f31.invoke(<generated>)
	at net.sf.cglib.reflect.FastMethod.invoke(FastMethod.java:53)
	at repast.simphony.engine.schedule.DynamicTargetAction.execute(DynamicTargetAction.java:69)
	... 7 more
Caused by: java.lang.NullPointerException
	at repast.simphony.space.grid.VNContains.isNeighbor(VNContains.java:64)
	at repast.simphony.query.space.projection.WithinVN.evaluate(WithinVN.java:47)
	at repast.simphony.space.grid.AbstractGrid.evaluate(AbstractGrid.java:431)
	at repast.simphony.engine.watcher.query.WithinVNBooleanExpression.execute(WithinVNBooleanExpression.java:33)
	at repast.simphony.engine.watcher.query.AndBooleanCondition.execute(AndBooleanCondition.java:27)
	at repast.simphony.engine.watcher.ImmediateExecutor.scheduleExecution(ImmediateExecutor.java:30)
	at repast.simphony.engine.watcher.Notifier2.triggered(Notifier2.java:150)
	at repast.simphony.engine.watcher.WatcherTrigger.notify(WatcherTrigger.java:116)
	at repast.simphony.engine.watcher.WatcherTrigger.triggered(WatcherTrigger.java:146)
	at jzombies.Zombie.moveTowards(Zombie.java:91)
	at jzombies.Zombie.step(Zombie.java:70)
	... 10 more
ERROR [Thread-3] 2021-10-28 10:46:49,026 repast.simphony.engine.watcher.Notifier2 - Error while initializing watcher triggerScheduler
java.lang.NullPointerException
	at repast.simphony.space.grid.VNContains.isNeighbor(VNContains.java:64)
	at repast.simphony.query.space.projection.WithinVN.evaluate(WithinVN.java:47)
	at repast.simphony.space.grid.AbstractGrid.evaluate(AbstractGrid.java:431)
	at repast.simphony.engine.watcher.query.WithinVNBooleanExpression.execute(WithinVNBooleanExpression.java:33)
	at repast.simphony.engine.watcher.query.AndBooleanCondition.execute(AndBooleanCondition.java:27)
	at repast.simphony.engine.watcher.ImmediateExecutor.scheduleExecution(ImmediateExecutor.java:30)
	at repast.simphony.engine.watcher.Notifier2$SetupTrigger.scheduleExecution(Notifier2.java:56)
	at repast.simphony.engine.watcher.Notifier2.triggered(Notifier2.java:150)
	at repast.simphony.engine.watcher.WatcherTrigger.notify(WatcherTrigger.java:116)
	at repast.simphony.engine.watcher.WatcherTrigger.triggered(WatcherTrigger.java:146)
	at jzombies.Zombie.moveTowards(Zombie.java:91)
	at jzombies.Zombie.step(Zombie.java:70)
	at jzombies.Zombie$$FastClassByCGLIB$$6141f31.invoke(<generated>)
	at net.sf.cglib.reflect.FastMethod.invoke(FastMethod.java:53)
	at repast.simphony.engine.schedule.DynamicTargetAction.execute(DynamicTargetAction.java:69)
	at repast.simphony.engine.controller.ScheduledMethodControllerAction$ScheduleMethodAllAction.execute(ScheduledMethodControllerAction.java:336)
	at repast.simphony.engine.schedule.DefaultAction.execute(DefaultAction.java:38)
	at repast.simphony.engine.schedule.ScheduleGroup.executeList(ScheduleGroup.java:205)
	at repast.simphony.engine.schedule.ScheduleGroup.execute(ScheduleGroup.java:231)
	at repast.simphony.engine.schedule.Schedule.execute(Schedule.java:352)
	at repast.simphony.ui.GUIScheduleRunner$ScheduleLoopRunnable.run(GUIScheduleRunner.java:52)
	at java.base/java.lang.Thread.run(Thread.java:834)
FATAL [Thread-3] 2021-10-28 10:46:56,086 repast.simphony.ui.GUIScheduleRunner - RunTimeException when running the schedule
Current tick (1.0)
java.lang.RuntimeException: java.lang.reflect.InvocationTargetException
	at repast.simphony.engine.schedule.DynamicTargetAction.execute(DynamicTargetAction.java:72)
	at repast.simphony.engine.controller.ScheduledMethodControllerAction$ScheduleMethodAllAction.execute(ScheduledMethodControllerAction.java:336)
	at repast.simphony.engine.schedule.DefaultAction.execute(DefaultAction.java:38)
	at repast.simphony.engine.schedule.ScheduleGroup.executeList(ScheduleGroup.java:205)
	at repast.simphony.engine.schedule.ScheduleGroup.execute(ScheduleGroup.java:231)
	at repast.simphony.engine.schedule.Schedule.execute(Schedule.java:352)
	at repast.simphony.ui.GUIScheduleRunner$ScheduleLoopRunnable.run(GUIScheduleRunner.java:52)
	at java.base/java.lang.Thread.run(Thread.java:834)
Caused by: java.lang.reflect.InvocationTargetException
	at jzombies.Zombie$$FastClassByCGLIB$$6141f31.invoke(<generated>)
	at net.sf.cglib.reflect.FastMethod.invoke(FastMethod.java:53)
	at repast.simphony.engine.schedule.DynamicTargetAction.execute(DynamicTargetAction.java:69)
	... 7 more
Caused by: java.lang.NullPointerException
	at repast.simphony.space.grid.VNContains.isNeighbor(VNContains.java:64)
	at repast.simphony.query.space.projection.WithinVN.evaluate(WithinVN.java:47)
	at repast.simphony.space.grid.AbstractGrid.evaluate(AbstractGrid.java:431)
	at repast.simphony.engine.watcher.query.WithinVNBooleanExpression.execute(WithinVNBooleanExpression.java:33)
	at repast.simphony.engine.watcher.query.AndBooleanCondition.execute(AndBooleanCondition.java:27)
	at repast.simphony.engine.watcher.ImmediateExecutor.scheduleExecution(ImmediateExecutor.java:30)
	at repast.simphony.engine.watcher.Notifier2.triggered(Notifier2.java:150)
	at repast.simphony.engine.watcher.WatcherTrigger.notify(WatcherTrigger.java:116)
	at repast.simphony.engine.watcher.WatcherTrigger.triggered(WatcherTrigger.java:146)
	at jzombies.Zombie.moveTowards(Zombie.java:91)
	at jzombies.Zombie.step(Zombie.java:70)
	... 10 more
ERROR [Thread-3] 2021-10-28 10:53:45,976 repast.simphony.engine.watcher.Notifier2 - Error while initializing watcher triggerScheduler
java.lang.NullPointerException
	at repast.simphony.space.grid.VNContains.isNeighbor(VNContains.java:64)
	at repast.simphony.query.space.projection.WithinVN.evaluate(WithinVN.java:47)
	at repast.simphony.space.grid.AbstractGrid.evaluate(AbstractGrid.java:431)
	at repast.simphony.engine.watcher.query.WithinVNBooleanExpression.execute(WithinVNBooleanExpression.java:33)
	at repast.simphony.engine.watcher.query.AndBooleanCondition.execute(AndBooleanCondition.java:27)
	at repast.simphony.engine.watcher.ImmediateExecutor.scheduleExecution(ImmediateExecutor.java:30)
	at repast.simphony.engine.watcher.Notifier2$SetupTrigger.scheduleExecution(Notifier2.java:56)
	at repast.simphony.engine.watcher.Notifier2.triggered(Notifier2.java:150)
	at repast.simphony.engine.watcher.WatcherTrigger.notify(WatcherTrigger.java:116)
	at repast.simphony.engine.watcher.WatcherTrigger.triggered(WatcherTrigger.java:146)
	at jzombies.Zombie.moveTowards(Zombie.java:91)
	at jzombies.Zombie.step(Zombie.java:70)
	at jzombies.Zombie$$FastClassByCGLIB$$6141f31.invoke(<generated>)
	at net.sf.cglib.reflect.FastMethod.invoke(FastMethod.java:53)
	at repast.simphony.engine.schedule.DynamicTargetAction.execute(DynamicTargetAction.java:69)
	at repast.simphony.engine.controller.ScheduledMethodControllerAction$ScheduleMethodAllAction.execute(ScheduledMethodControllerAction.java:336)
	at repast.simphony.engine.schedule.DefaultAction.execute(DefaultAction.java:38)
	at repast.simphony.engine.schedule.ScheduleGroup.executeList(ScheduleGroup.java:205)
	at repast.simphony.engine.schedule.ScheduleGroup.execute(ScheduleGroup.java:231)
	at repast.simphony.engine.schedule.Schedule.execute(Schedule.java:352)
	at repast.simphony.ui.GUIScheduleRunner$ScheduleLoopRunnable.run(GUIScheduleRunner.java:52)
	at java.base/java.lang.Thread.run(Thread.java:834)
FATAL [Thread-3] 2021-10-28 10:53:53,379 repast.simphony.ui.GUIScheduleRunner - RunTimeException when running the schedule
Current tick (1.0)
java.lang.RuntimeException: java.lang.reflect.InvocationTargetException
	at repast.simphony.engine.schedule.DynamicTargetAction.execute(DynamicTargetAction.java:72)
	at repast.simphony.engine.controller.ScheduledMethodControllerAction$ScheduleMethodAllAction.execute(ScheduledMethodControllerAction.java:336)
	at repast.simphony.engine.schedule.DefaultAction.execute(DefaultAction.java:38)
	at repast.simphony.engine.schedule.ScheduleGroup.executeList(ScheduleGroup.java:205)
	at repast.simphony.engine.schedule.ScheduleGroup.execute(ScheduleGroup.java:231)
	at repast.simphony.engine.schedule.Schedule.execute(Schedule.java:352)
	at repast.simphony.ui.GUIScheduleRunner$ScheduleLoopRunnable.run(GUIScheduleRunner.java:52)
	at java.base/java.lang.Thread.run(Thread.java:834)
Caused by: java.lang.reflect.InvocationTargetException
	at jzombies.Zombie$$FastClassByCGLIB$$6141f31.invoke(<generated>)
	at net.sf.cglib.reflect.FastMethod.invoke(FastMethod.java:53)
	at repast.simphony.engine.schedule.DynamicTargetAction.execute(DynamicTargetAction.java:69)
	... 7 more
Caused by: java.lang.NullPointerException
	at repast.simphony.space.grid.VNContains.isNeighbor(VNContains.java:64)
	at repast.simphony.query.space.projection.WithinVN.evaluate(WithinVN.java:47)
	at repast.simphony.space.grid.AbstractGrid.evaluate(AbstractGrid.java:431)
	at repast.simphony.engine.watcher.query.WithinVNBooleanExpression.execute(WithinVNBooleanExpression.java:33)
	at repast.simphony.engine.watcher.query.AndBooleanCondition.execute(AndBooleanCondition.java:27)
	at repast.simphony.engine.watcher.ImmediateExecutor.scheduleExecution(ImmediateExecutor.java:30)
	at repast.simphony.engine.watcher.Notifier2.triggered(Notifier2.java:150)
	at repast.simphony.engine.watcher.WatcherTrigger.notify(WatcherTrigger.java:116)
	at repast.simphony.engine.watcher.WatcherTrigger.triggered(WatcherTrigger.java:146)
	at jzombies.Zombie.moveTowards(Zombie.java:91)
	at jzombies.Zombie.step(Zombie.java:70)
	... 10 more
ERROR [Thread-3] 2021-10-28 11:01:33,846 repast.simphony.engine.watcher.Notifier2 - Error while initializing watcher triggerScheduler
java.lang.NullPointerException
	at repast.simphony.space.grid.VNContains.isNeighbor(VNContains.java:64)
	at repast.simphony.query.space.projection.WithinVN.evaluate(WithinVN.java:47)
	at repast.simphony.space.grid.AbstractGrid.evaluate(AbstractGrid.java:431)
	at repast.simphony.engine.watcher.query.WithinVNBooleanExpression.execute(WithinVNBooleanExpression.java:33)
	at repast.simphony.engine.watcher.query.AndBooleanCondition.execute(AndBooleanCondition.java:27)
	at repast.simphony.engine.watcher.ImmediateExecutor.scheduleExecution(ImmediateExecutor.java:30)
	at repast.simphony.engine.watcher.Notifier2$SetupTrigger.scheduleExecution(Notifier2.java:56)
	at repast.simphony.engine.watcher.Notifier2.triggered(Notifier2.java:150)
	at repast.simphony.engine.watcher.WatcherTrigger.notify(WatcherTrigger.java:116)
	at repast.simphony.engine.watcher.WatcherTrigger.triggered(WatcherTrigger.java:146)
	at jzombies.Zombie.moveTowards(Zombie.java:91)
	at jzombies.Zombie.step(Zombie.java:70)
	at jzombies.Zombie$$FastClassByCGLIB$$6141f31.invoke(<generated>)
	at net.sf.cglib.reflect.FastMethod.invoke(FastMethod.java:53)
	at repast.simphony.engine.schedule.DynamicTargetAction.execute(DynamicTargetAction.java:69)
	at repast.simphony.engine.controller.ScheduledMethodControllerAction$ScheduleMethodAllAction.execute(ScheduledMethodControllerAction.java:336)
	at repast.simphony.engine.schedule.DefaultAction.execute(DefaultAction.java:38)
	at repast.simphony.engine.schedule.ScheduleGroup.executeList(ScheduleGroup.java:205)
	at repast.simphony.engine.schedule.ScheduleGroup.execute(ScheduleGroup.java:231)
	at repast.simphony.engine.schedule.Schedule.execute(Schedule.java:352)
	at repast.simphony.ui.GUIScheduleRunner$ScheduleLoopRunnable.run(GUIScheduleRunner.java:52)
	at java.base/java.lang.Thread.run(Thread.java:834)
FATAL [Thread-3] 2021-10-28 11:01:41,053 repast.simphony.ui.GUIScheduleRunner - RunTimeException when running the schedule
Current tick (1.0)
java.lang.RuntimeException: java.lang.reflect.InvocationTargetException
	at repast.simphony.engine.schedule.DynamicTargetAction.execute(DynamicTargetAction.java:72)
	at repast.simphony.engine.controller.ScheduledMethodControllerAction$ScheduleMethodAllAction.execute(ScheduledMethodControllerAction.java:336)
	at repast.simphony.engine.schedule.DefaultAction.execute(DefaultAction.java:38)
	at repast.simphony.engine.schedule.ScheduleGroup.executeList(ScheduleGroup.java:205)
	at repast.simphony.engine.schedule.ScheduleGroup.execute(ScheduleGroup.java:231)
	at repast.simphony.engine.schedule.Schedule.execute(Schedule.java:352)
	at repast.simphony.ui.GUIScheduleRunner$ScheduleLoopRunnable.run(GUIScheduleRunner.java:52)
	at java.base/java.lang.Thread.run(Thread.java:834)
Caused by: java.lang.reflect.InvocationTargetException
	at jzombies.Zombie$$FastClassByCGLIB$$6141f31.invoke(<generated>)
	at net.sf.cglib.reflect.FastMethod.invoke(FastMethod.java:53)
	at repast.simphony.engine.schedule.DynamicTargetAction.execute(DynamicTargetAction.java:69)
	... 7 more
Caused by: java.lang.NullPointerException
	at repast.simphony.space.grid.VNContains.isNeighbor(VNContains.java:64)
	at repast.simphony.query.space.projection.WithinVN.evaluate(WithinVN.java:47)
	at repast.simphony.space.grid.AbstractGrid.evaluate(AbstractGrid.java:431)
	at repast.simphony.engine.watcher.query.WithinVNBooleanExpression.execute(WithinVNBooleanExpression.java:33)
	at repast.simphony.engine.watcher.query.AndBooleanCondition.execute(AndBooleanCondition.java:27)
	at repast.simphony.engine.watcher.ImmediateExecutor.scheduleExecution(ImmediateExecutor.java:30)
	at repast.simphony.engine.watcher.Notifier2.triggered(Notifier2.java:150)
	at repast.simphony.engine.watcher.WatcherTrigger.notify(WatcherTrigger.java:116)
	at repast.simphony.engine.watcher.WatcherTrigger.triggered(WatcherTrigger.java:146)
	at jzombies.Zombie.moveTowards(Zombie.java:91)
	at jzombies.Zombie.step(Zombie.java:70)
	... 10 more
ERROR [Thread-3] 2021-10-28 11:06:49,194 repast.simphony.engine.watcher.Notifier2 - Error while initializing watcher triggerScheduler
java.lang.NullPointerException
	at repast.simphony.space.grid.VNContains.isNeighbor(VNContains.java:64)
	at repast.simphony.query.space.projection.WithinVN.evaluate(WithinVN.java:47)
	at repast.simphony.space.grid.AbstractGrid.evaluate(AbstractGrid.java:431)
	at repast.simphony.engine.watcher.query.WithinVNBooleanExpression.execute(WithinVNBooleanExpression.java:33)
	at repast.simphony.engine.watcher.query.AndBooleanCondition.execute(AndBooleanCondition.java:27)
	at repast.simphony.engine.watcher.ImmediateExecutor.scheduleExecution(ImmediateExecutor.java:30)
	at repast.simphony.engine.watcher.Notifier2$SetupTrigger.scheduleExecution(Notifier2.java:56)
	at repast.simphony.engine.watcher.Notifier2.triggered(Notifier2.java:150)
	at repast.simphony.engine.watcher.WatcherTrigger.notify(WatcherTrigger.java:116)
	at repast.simphony.engine.watcher.WatcherTrigger.triggered(WatcherTrigger.java:146)
	at jzombies.Zombie.moveTowards(Zombie.java:91)
	at jzombies.Zombie.step(Zombie.java:70)
	at jzombies.Zombie$$FastClassByCGLIB$$6141f31.invoke(<generated>)
	at net.sf.cglib.reflect.FastMethod.invoke(FastMethod.java:53)
	at repast.simphony.engine.schedule.DynamicTargetAction.execute(DynamicTargetAction.java:69)
	at repast.simphony.engine.controller.ScheduledMethodControllerAction$ScheduleMethodAllAction.execute(ScheduledMethodControllerAction.java:336)
	at repast.simphony.engine.schedule.DefaultAction.execute(DefaultAction.java:38)
	at repast.simphony.engine.schedule.ScheduleGroup.executeList(ScheduleGroup.java:205)
	at repast.simphony.engine.schedule.ScheduleGroup.execute(ScheduleGroup.java:231)
	at repast.simphony.engine.schedule.Schedule.execute(Schedule.java:352)
	at repast.simphony.ui.GUIScheduleRunner$ScheduleLoopRunnable.run(GUIScheduleRunner.java:52)
	at java.base/java.lang.Thread.run(Thread.java:834)
FATAL [Thread-3] 2021-10-28 11:06:57,244 repast.simphony.ui.GUIScheduleRunner - RunTimeException when running the schedule
Current tick (1.0)
java.lang.RuntimeException: java.lang.reflect.InvocationTargetException
	at repast.simphony.engine.schedule.DynamicTargetAction.execute(DynamicTargetAction.java:72)
	at repast.simphony.engine.controller.ScheduledMethodControllerAction$ScheduleMethodAllAction.execute(ScheduledMethodControllerAction.java:336)
	at repast.simphony.engine.schedule.DefaultAction.execute(DefaultAction.java:38)
	at repast.simphony.engine.schedule.ScheduleGroup.executeList(ScheduleGroup.java:205)
	at repast.simphony.engine.schedule.ScheduleGroup.execute(ScheduleGroup.java:231)
	at repast.simphony.engine.schedule.Schedule.execute(Schedule.java:352)
	at repast.simphony.ui.GUIScheduleRunner$ScheduleLoopRunnable.run(GUIScheduleRunner.java:52)
	at java.base/java.lang.Thread.run(Thread.java:834)
Caused by: java.lang.reflect.InvocationTargetException
	at jzombies.Zombie$$FastClassByCGLIB$$6141f31.invoke(<generated>)
	at net.sf.cglib.reflect.FastMethod.invoke(FastMethod.java:53)
	at repast.simphony.engine.schedule.DynamicTargetAction.execute(DynamicTargetAction.java:69)
	... 7 more
Caused by: java.lang.NullPointerException
	at repast.simphony.space.grid.VNContains.isNeighbor(VNContains.java:64)
	at repast.simphony.query.space.projection.WithinVN.evaluate(WithinVN.java:47)
	at repast.simphony.space.grid.AbstractGrid.evaluate(AbstractGrid.java:431)
	at repast.simphony.engine.watcher.query.WithinVNBooleanExpression.execute(WithinVNBooleanExpression.java:33)
	at repast.simphony.engine.watcher.query.AndBooleanCondition.execute(AndBooleanCondition.java:27)
	at repast.simphony.engine.watcher.ImmediateExecutor.scheduleExecution(ImmediateExecutor.java:30)
	at repast.simphony.engine.watcher.Notifier2.triggered(Notifier2.java:150)
	at repast.simphony.engine.watcher.WatcherTrigger.notify(WatcherTrigger.java:116)
	at repast.simphony.engine.watcher.WatcherTrigger.triggered(WatcherTrigger.java:146)
	at jzombies.Zombie.moveTowards(Zombie.java:91)
	at jzombies.Zombie.step(Zombie.java:70)
	... 10 more
ERROR [Thread-3] 2021-10-28 11:10:19,317 repast.simphony.engine.watcher.Notifier2 - Error while initializing watcher triggerScheduler
java.lang.NullPointerException
	at repast.simphony.space.grid.VNContains.isNeighbor(VNContains.java:64)
	at repast.simphony.query.space.projection.WithinVN.evaluate(WithinVN.java:47)
	at repast.simphony.space.grid.AbstractGrid.evaluate(AbstractGrid.java:431)
	at repast.simphony.engine.watcher.query.WithinVNBooleanExpression.execute(WithinVNBooleanExpression.java:33)
	at repast.simphony.engine.watcher.query.AndBooleanCondition.execute(AndBooleanCondition.java:27)
	at repast.simphony.engine.watcher.ImmediateExecutor.scheduleExecution(ImmediateExecutor.java:30)
	at repast.simphony.engine.watcher.Notifier2$SetupTrigger.scheduleExecution(Notifier2.java:56)
	at repast.simphony.engine.watcher.Notifier2.triggered(Notifier2.java:150)
	at repast.simphony.engine.watcher.WatcherTrigger.notify(WatcherTrigger.java:116)
	at repast.simphony.engine.watcher.WatcherTrigger.triggered(WatcherTrigger.java:146)
	at jzombies.Zombie.moveTowards(Zombie.java:91)
	at jzombies.Zombie.step(Zombie.java:70)
	at jzombies.Zombie$$FastClassByCGLIB$$6141f31.invoke(<generated>)
	at net.sf.cglib.reflect.FastMethod.invoke(FastMethod.java:53)
	at repast.simphony.engine.schedule.DynamicTargetAction.execute(DynamicTargetAction.java:69)
	at repast.simphony.engine.controller.ScheduledMethodControllerAction$ScheduleMethodAllAction.execute(ScheduledMethodControllerAction.java:336)
	at repast.simphony.engine.schedule.DefaultAction.execute(DefaultAction.java:38)
	at repast.simphony.engine.schedule.ScheduleGroup.executeList(ScheduleGroup.java:205)
	at repast.simphony.engine.schedule.ScheduleGroup.execute(ScheduleGroup.java:231)
	at repast.simphony.engine.schedule.Schedule.execute(Schedule.java:352)
	at repast.simphony.ui.GUIScheduleRunner$ScheduleLoopRunnable.run(GUIScheduleRunner.java:52)
	at java.base/java.lang.Thread.run(Thread.java:834)
FATAL [Thread-3] 2021-10-28 11:10:26,183 repast.simphony.ui.GUIScheduleRunner - RunTimeException when running the schedule
Current tick (1.0)
java.lang.RuntimeException: java.lang.reflect.InvocationTargetException
	at repast.simphony.engine.schedule.DynamicTargetAction.execute(DynamicTargetAction.java:72)
	at repast.simphony.engine.controller.ScheduledMethodControllerAction$ScheduleMethodAllAction.execute(ScheduledMethodControllerAction.java:336)
	at repast.simphony.engine.schedule.DefaultAction.execute(DefaultAction.java:38)
	at repast.simphony.engine.schedule.ScheduleGroup.executeList(ScheduleGroup.java:205)
	at repast.simphony.engine.schedule.ScheduleGroup.execute(ScheduleGroup.java:231)
	at repast.simphony.engine.schedule.Schedule.execute(Schedule.java:352)
	at repast.simphony.ui.GUIScheduleRunner$ScheduleLoopRunnable.run(GUIScheduleRunner.java:52)
	at java.base/java.lang.Thread.run(Thread.java:834)
Caused by: java.lang.reflect.InvocationTargetException
	at jzombies.Zombie$$FastClassByCGLIB$$6141f31.invoke(<generated>)
	at net.sf.cglib.reflect.FastMethod.invoke(FastMethod.java:53)
	at repast.simphony.engine.schedule.DynamicTargetAction.execute(DynamicTargetAction.java:69)
	... 7 more
Caused by: java.lang.NullPointerException
	at repast.simphony.space.grid.VNContains.isNeighbor(VNContains.java:64)
	at repast.simphony.query.space.projection.WithinVN.evaluate(WithinVN.java:47)
	at repast.simphony.space.grid.AbstractGrid.evaluate(AbstractGrid.java:431)
	at repast.simphony.engine.watcher.query.WithinVNBooleanExpression.execute(WithinVNBooleanExpression.java:33)
	at repast.simphony.engine.watcher.query.AndBooleanCondition.execute(AndBooleanCondition.java:27)
	at repast.simphony.engine.watcher.ImmediateExecutor.scheduleExecution(ImmediateExecutor.java:30)
	at repast.simphony.engine.watcher.Notifier2.triggered(Notifier2.java:150)
	at repast.simphony.engine.watcher.WatcherTrigger.notify(WatcherTrigger.java:116)
	at repast.simphony.engine.watcher.WatcherTrigger.triggered(WatcherTrigger.java:146)
	at jzombies.Zombie.moveTowards(Zombie.java:91)
	at jzombies.Zombie.step(Zombie.java:70)
	... 10 more
ERROR [Thread-3] 2021-10-28 11:35:25,643 repast.simphony.engine.watcher.Notifier2 - Error while initializing watcher triggerScheduler
java.lang.NullPointerException
	at repast.simphony.space.grid.VNContains.isNeighbor(VNContains.java:64)
	at repast.simphony.query.space.projection.WithinVN.evaluate(WithinVN.java:47)
	at repast.simphony.space.grid.AbstractGrid.evaluate(AbstractGrid.java:431)
	at repast.simphony.engine.watcher.query.WithinVNBooleanExpression.execute(WithinVNBooleanExpression.java:33)
	at repast.simphony.engine.watcher.query.AndBooleanCondition.execute(AndBooleanCondition.java:27)
	at repast.simphony.engine.watcher.ImmediateExecutor.scheduleExecution(ImmediateExecutor.java:30)
	at repast.simphony.engine.watcher.Notifier2$SetupTrigger.scheduleExecution(Notifier2.java:56)
	at repast.simphony.engine.watcher.Notifier2.triggered(Notifier2.java:150)
	at repast.simphony.engine.watcher.WatcherTrigger.notify(WatcherTrigger.java:116)
	at repast.simphony.engine.watcher.WatcherTrigger.triggered(WatcherTrigger.java:146)
	at jzombies.Zombie.moveTowards(Zombie.java:91)
	at jzombies.Zombie.step(Zombie.java:70)
	at jzombies.Zombie$$FastClassByCGLIB$$6141f31.invoke(<generated>)
	at net.sf.cglib.reflect.FastMethod.invoke(FastMethod.java:53)
	at repast.simphony.engine.schedule.DynamicTargetAction.execute(DynamicTargetAction.java:69)
	at repast.simphony.engine.controller.ScheduledMethodControllerAction$ScheduleMethodAllAction.execute(ScheduledMethodControllerAction.java:336)
	at repast.simphony.engine.schedule.DefaultAction.execute(DefaultAction.java:38)
	at repast.simphony.engine.schedule.ScheduleGroup.executeList(ScheduleGroup.java:205)
	at repast.simphony.engine.schedule.ScheduleGroup.execute(ScheduleGroup.java:231)
	at repast.simphony.engine.schedule.Schedule.execute(Schedule.java:352)
	at repast.simphony.ui.GUIScheduleRunner$ScheduleLoopRunnable.run(GUIScheduleRunner.java:52)
	at java.base/java.lang.Thread.run(Thread.java:834)
FATAL [Thread-3] 2021-10-28 11:35:33,212 repast.simphony.ui.GUIScheduleRunner - RunTimeException when running the schedule
Current tick (1.0)
java.lang.RuntimeException: java.lang.reflect.InvocationTargetException
	at repast.simphony.engine.schedule.DynamicTargetAction.execute(DynamicTargetAction.java:72)
	at repast.simphony.engine.controller.ScheduledMethodControllerAction$ScheduleMethodAllAction.execute(ScheduledMethodControllerAction.java:336)
	at repast.simphony.engine.schedule.DefaultAction.execute(DefaultAction.java:38)
	at repast.simphony.engine.schedule.ScheduleGroup.executeList(ScheduleGroup.java:205)
	at repast.simphony.engine.schedule.ScheduleGroup.execute(ScheduleGroup.java:231)
	at repast.simphony.engine.schedule.Schedule.execute(Schedule.java:352)
	at repast.simphony.ui.GUIScheduleRunner$ScheduleLoopRunnable.run(GUIScheduleRunner.java:52)
	at java.base/java.lang.Thread.run(Thread.java:834)
Caused by: java.lang.reflect.InvocationTargetException
	at jzombies.Zombie$$FastClassByCGLIB$$6141f31.invoke(<generated>)
	at net.sf.cglib.reflect.FastMethod.invoke(FastMethod.java:53)
	at repast.simphony.engine.schedule.DynamicTargetAction.execute(DynamicTargetAction.java:69)
	... 7 more
Caused by: java.lang.NullPointerException
	at repast.simphony.space.grid.VNContains.isNeighbor(VNContains.java:64)
	at repast.simphony.query.space.projection.WithinVN.evaluate(WithinVN.java:47)
	at repast.simphony.space.grid.AbstractGrid.evaluate(AbstractGrid.java:431)
	at repast.simphony.engine.watcher.query.WithinVNBooleanExpression.execute(WithinVNBooleanExpression.java:33)
	at repast.simphony.engine.watcher.query.AndBooleanCondition.execute(AndBooleanCondition.java:27)
	at repast.simphony.engine.watcher.ImmediateExecutor.scheduleExecution(ImmediateExecutor.java:30)
	at repast.simphony.engine.watcher.Notifier2.triggered(Notifier2.java:150)
	at repast.simphony.engine.watcher.WatcherTrigger.notify(WatcherTrigger.java:116)
	at repast.simphony.engine.watcher.WatcherTrigger.triggered(WatcherTrigger.java:146)
	at jzombies.Zombie.moveTowards(Zombie.java:91)
	at jzombies.Zombie.step(Zombie.java:70)
	... 10 more
