2021-10-28 15:33:15,067 - Loaded System Directive: org.apache.velocity.runtime.directive.Parse
2021-10-28 15:33:15,068 - Loaded System Directive: org.apache.velocity.runtime.directive.Include
2021-10-28 15:33:15,068 - Loaded System Directive: org.apache.velocity.runtime.directive.Foreach
2021-10-28 15:33:15,097 - Created: 20 parsers.
2021-10-28 15:33:15,108 - Velocimacro : initialization starting.
2021-10-28 15:33:15,109 - Velocimacro : adding VMs from VM library template : VM_global_library.vm
2021-10-28 15:33:15,112 - ResourceManager : unable to find resource 'VM_global_library.vm' in any resource loader.
2021-10-28 15:33:15,112 - Velocimacro : error using  VM library template VM_global_library.vm : org.apache.velocity.exception.ResourceNotFoundException: Unable to find resource 'VM_global_library.vm'
2021-10-28 15:33:15,112 - Velocimacro :  VM library template macro registration complete.
2021-10-28 15:33:15,112 - Velocimacro : allowInline = true : VMs can be defined inline in templates
2021-10-28 15:33:15,112 - Velocimacro : allowInlineToOverride = false : VMs defined inline may NOT replace previous VM definitions
2021-10-28 15:33:15,112 - Velocimacro : allowInlineLocal = false : VMs defined inline will be  global in scope if allowed.
2021-10-28 15:33:15,113 - Velocimacro : messages on  : VM system will output logging messages
2021-10-28 15:33:15,113 - Velocimacro : autoload off  : VM system will not automatically reload global library macros
2021-10-28 15:33:15,113 - Velocimacro : initialization complete.
2021-10-28 15:33:15,113 - Velocity successfully started.
2021-10-28 15:33:40,516 - SimpleLog4JLogSystem initialized using logfile 'velocity.log'
2021-10-28 15:33:40,517 - ************************************************************** 
2021-10-28 15:33:40,517 - Starting Jakarta Velocity v1.4
2021-10-28 15:33:40,517 - RuntimeInstance initializing.
2021-10-28 15:33:40,517 - Default Properties File: org/apache/velocity/runtime/defaults/velocity.properties
2021-10-28 15:33:40,517 - Trying to use logger class org.apache.velocity.runtime.log.SimpleLog4JLogSystem
2021-10-28 15:33:40,517 - Using logger class org.apache.velocity.runtime.log.SimpleLog4JLogSystem
2021-10-28 15:33:40,518 - Default ResourceManager initializing. (class org.apache.velocity.runtime.resource.ResourceManagerImpl)
2021-10-28 15:33:40,519 - Resource Loader Instantiated: org.apache.velocity.runtime.resource.loader.ClasspathResourceLoader
2021-10-28 15:33:40,519 - ClasspathResourceLoader : initialization starting.
2021-10-28 15:33:40,519 - ClasspathResourceLoader : initialization complete.
2021-10-28 15:33:40,520 - ResourceCache : initialized. (class org.apache.velocity.runtime.resource.ResourceCacheImpl)
2021-10-28 15:33:40,520 - Default ResourceManager initialization complete.
2021-10-28 15:33:40,520 - Loaded System Directive: org.apache.velocity.runtime.directive.Literal
2021-10-28 15:33:40,521 - Loaded System Directive: org.apache.velocity.runtime.directive.Macro
2021-10-28 15:33:40,522 - Loaded System Directive: org.apache.velocity.runtime.directive.Parse
2021-10-28 15:33:40,523 - Loaded System Directive: org.apache.velocity.runtime.directive.Include
2021-10-28 15:33:40,523 - Loaded System Directive: org.apache.velocity.runtime.directive.Foreach
2021-10-28 15:33:40,541 - Created: 20 parsers.
2021-10-28 15:33:40,543 - Velocimacro : initialization starting.
2021-10-28 15:33:40,543 - Velocimacro : adding VMs from VM library template : VM_global_library.vm
2021-10-28 15:33:40,545 - ResourceManager : unable to find resource 'VM_global_library.vm' in any resource loader.
2021-10-28 15:33:40,545 - Velocimacro : error using  VM library template VM_global_library.vm : org.apache.velocity.exception.ResourceNotFoundException: Unable to find resource 'VM_global_library.vm'
2021-10-28 15:33:40,545 - Velocimacro :  VM library template macro registration complete.
2021-10-28 15:33:40,545 - Velocimacro : allowInline = true : VMs can be defined inline in templates
2021-10-28 15:33:40,545 - Velocimacro : allowInlineToOverride = false : VMs defined inline may NOT replace previous VM definitions
2021-10-28 15:33:40,545 - Velocimacro : allowInlineLocal = false : VMs defined inline will be  global in scope if allowed.
2021-10-28 15:33:40,545 - Velocimacro : messages on  : VM system will output logging messages
2021-10-28 15:33:40,545 - Velocimacro : autoload off  : VM system will not automatically reload global library macros
2021-10-28 15:33:40,545 - Velocimacro : initialization complete.
2021-10-28 15:33:40,546 - Velocity successfully started.
2021-10-28 15:34:29,239 - SimpleLog4JLogSystem initialized using logfile 'velocity.log'
2021-10-28 15:34:29,239 - ************************************************************** 
2021-10-28 15:34:29,239 - Starting Jakarta Velocity v1.4
2021-10-28 15:34:29,240 - RuntimeInstance initializing.
2021-10-28 15:34:29,240 - Default Properties File: org/apache/velocity/runtime/defaults/velocity.properties
2021-10-28 15:34:29,240 - Trying to use logger class org.apache.velocity.runtime.log.SimpleLog4JLogSystem
2021-10-28 15:34:29,240 - Using logger class org.apache.velocity.runtime.log.SimpleLog4JLogSystem
2021-10-28 15:34:29,241 - Default ResourceManager initializing. (class org.apache.velocity.runtime.resource.ResourceManagerImpl)
2021-10-28 15:34:29,242 - Resource Loader Instantiated: org.apache.velocity.runtime.resource.loader.ClasspathResourceLoader
2021-10-28 15:34:29,242 - ClasspathResourceLoader : initialization starting.
2021-10-28 15:34:29,242 - ClasspathResourceLoader : initialization complete.
2021-10-28 15:34:29,244 - ResourceCache : initialized. (class org.apache.velocity.runtime.resource.ResourceCacheImpl)
2021-10-28 15:34:29,244 - Default ResourceManager initialization complete.
2021-10-28 15:34:29,245 - Loaded System Directive: org.apache.velocity.runtime.directive.Literal
2021-10-28 15:34:29,246 - Loaded System Directive: org.apache.velocity.runtime.directive.Macro
2021-10-28 15:34:29,247 - Loaded System Directive: org.apache.velocity.runtime.directive.Parse
2021-10-28 15:34:29,248 - Loaded System Directive: org.apache.velocity.runtime.directive.Include
2021-10-28 15:34:29,249 - Loaded System Directive: org.apache.velocity.runtime.directive.Foreach
2021-10-28 15:34:29,272 - Created: 20 parsers.
2021-10-28 15:34:29,275 - Velocimacro : initialization starting.
2021-10-28 15:34:29,275 - Velocimacro : adding VMs from VM library template : VM_global_library.vm
2021-10-28 15:34:29,277 - ResourceManager : unable to find resource 'VM_global_library.vm' in any resource loader.
2021-10-28 15:34:29,277 - Velocimacro : error using  VM library template VM_global_library.vm : org.apache.velocity.exception.ResourceNotFoundException: Unable to find resource 'VM_global_library.vm'
2021-10-28 15:34:29,277 - Velocimacro :  VM library template macro registration complete.
2021-10-28 15:34:29,277 - Velocimacro : allowInline = true : VMs can be defined inline in templates
2021-10-28 15:34:29,277 - Velocimacro : allowInlineToOverride = false : VMs defined inline may NOT replace previous VM definitions
2021-10-28 15:34:29,277 - Velocimacro : allowInlineLocal = false : VMs defined inline will be  global in scope if allowed.
2021-10-28 15:34:29,277 - Velocimacro : messages on  : VM system will output logging messages
2021-10-28 15:34:29,277 - Velocimacro : autoload off  : VM system will not automatically reload global library macros
2021-10-28 15:34:29,277 - Velocimacro : initialization complete.
2021-10-28 15:34:29,277 - Velocity successfully started.
2021-10-28 15:36:41,518 - SimpleLog4JLogSystem initialized using logfile 'velocity.log'
2021-10-28 15:36:41,519 - ************************************************************** 
2021-10-28 15:36:41,519 - Starting Jakarta Velocity v1.4
2021-10-28 15:36:41,519 - RuntimeInstance initializing.
2021-10-28 15:36:41,519 - Default Properties File: org/apache/velocity/runtime/defaults/velocity.properties
2021-10-28 15:36:41,519 - Trying to use logger class org.apache.velocity.runtime.log.SimpleLog4JLogSystem
2021-10-28 15:36:41,519 - Using logger class org.apache.velocity.runtime.log.SimpleLog4JLogSystem
2021-10-28 15:36:41,521 - Default ResourceManager initializing. (class org.apache.velocity.runtime.resource.ResourceManagerImpl)
2021-10-28 15:36:41,522 - Resource Loader Instantiated: org.apache.velocity.runtime.resource.loader.ClasspathResourceLoader
2021-10-28 15:36:41,522 - ClasspathResourceLoader : initialization starting.
2021-10-28 15:36:41,523 - ClasspathResourceLoader : initialization complete.
2021-10-28 15:36:41,524 - ResourceCache : initialized. (class org.apache.velocity.runtime.resource.ResourceCacheImpl)
2021-10-28 15:36:41,524 - Default ResourceManager initialization complete.
2021-10-28 15:36:41,525 - Loaded System Directive: org.apache.velocity.runtime.directive.Literal
2021-10-28 15:36:41,526 - Loaded System Directive: org.apache.velocity.runtime.directive.Macro
2021-10-28 15:36:41,527 - Loaded System Directive: org.apache.velocity.runtime.directive.Parse
2021-10-28 15:36:41,528 - Loaded System Directive: org.apache.velocity.runtime.directive.Include
2021-10-28 15:36:41,528 - Loaded System Directive: org.apache.velocity.runtime.directive.Foreach
2021-10-28 15:36:41,555 - Created: 20 parsers.
2021-10-28 15:36:41,558 - Velocimacro : initialization starting.
2021-10-28 15:36:41,559 - Velocimacro : adding VMs from VM library template : VM_global_library.vm
2021-10-28 15:36:41,561 - ResourceManager : unable to find resource 'VM_global_library.vm' in any resource loader.
2021-10-28 15:36:41,561 - Velocimacro : error using  VM library template VM_global_library.vm : org.apache.velocity.exception.ResourceNotFoundException: Unable to find resource 'VM_global_library.vm'
2021-10-28 15:36:41,561 - Velocimacro :  VM library template macro registration complete.
2021-10-28 15:36:41,561 - Velocimacro : allowInline = true : VMs can be defined inline in templates
2021-10-28 15:36:41,561 - Velocimacro : allowInlineToOverride = false : VMs defined inline may NOT replace previous VM definitions
2021-10-28 15:36:41,561 - Velocimacro : allowInlineLocal = false : VMs defined inline will be  global in scope if allowed.
2021-10-28 15:36:41,561 - Velocimacro : messages on  : VM system will output logging messages
2021-10-28 15:36:41,561 - Velocimacro : autoload off  : VM system will not automatically reload global library macros
2021-10-28 15:36:41,561 - Velocimacro : initialization complete.
2021-10-28 15:36:41,561 - Velocity successfully started.
2021-10-28 15:38:29,595 - SimpleLog4JLogSystem initialized using logfile 'velocity.log'
2021-10-28 15:38:29,596 - ************************************************************** 
2021-10-28 15:38:29,596 - Starting Jakarta Velocity v1.4
2021-10-28 15:38:29,596 - RuntimeInstance initializing.
2021-10-28 15:38:29,596 - Default Properties File: org/apache/velocity/runtime/defaults/velocity.properties
2021-10-28 15:38:29,596 - Trying to use logger class org.apache.velocity.runtime.log.SimpleLog4JLogSystem
2021-10-28 15:38:29,596 - Using logger class org.apache.velocity.runtime.log.SimpleLog4JLogSystem
2021-10-28 15:38:29,597 - Default ResourceManager initializing. (class org.apache.velocity.runtime.resource.ResourceManagerImpl)
2021-10-28 15:38:29,598 - Resource Loader Instantiated: org.apache.velocity.runtime.resource.loader.ClasspathResourceLoader
2021-10-28 15:38:29,598 - ClasspathResourceLoader : initialization starting.
2021-10-28 15:38:29,598 - ClasspathResourceLoader : initialization complete.
2021-10-28 15:38:29,599 - ResourceCache : initialized. (class org.apache.velocity.runtime.resource.ResourceCacheImpl)
2021-10-28 15:38:29,599 - Default ResourceManager initialization complete.
2021-10-28 15:38:29,600 - Loaded System Directive: org.apache.velocity.runtime.directive.Literal
2021-10-28 15:38:29,600 - Loaded System Directive: org.apache.velocity.runtime.directive.Macro
2021-10-28 15:38:29,601 - Loaded System Directive: org.apache.velocity.runtime.directive.Parse
2021-10-28 15:38:29,602 - Loaded System Directive: org.apache.velocity.runtime.directive.Include
2021-10-28 15:38:29,602 - Loaded System Directive: org.apache.velocity.runtime.directive.Foreach
2021-10-28 15:38:29,621 - Created: 20 parsers.
2021-10-28 15:38:29,623 - Velocimacro : initialization starting.
2021-10-28 15:38:29,624 - Velocimacro : adding VMs from VM library template : VM_global_library.vm
2021-10-28 15:38:29,625 - ResourceManager : unable to find resource 'VM_global_library.vm' in any resource loader.
2021-10-28 15:38:29,625 - Velocimacro : error using  VM library template VM_global_library.vm : org.apache.velocity.exception.ResourceNotFoundException: Unable to find resource 'VM_global_library.vm'
2021-10-28 15:38:29,625 - Velocimacro :  VM library template macro registration complete.
2021-10-28 15:38:29,625 - Velocimacro : allowInline = true : VMs can be defined inline in templates
2021-10-28 15:38:29,625 - Velocimacro : allowInlineToOverride = false : VMs defined inline may NOT replace previous VM definitions
2021-10-28 15:38:29,626 - Velocimacro : allowInlineLocal = false : VMs defined inline will be  global in scope if allowed.
2021-10-28 15:38:29,626 - Velocimacro : messages on  : VM system will output logging messages
2021-10-28 15:38:29,626 - Velocimacro : autoload off  : VM system will not automatically reload global library macros
2021-10-28 15:38:29,626 - Velocimacro : initialization complete.
2021-10-28 15:38:29,626 - Velocity successfully started.
2021-10-28 15:40:39,393 - SimpleLog4JLogSystem initialized using logfile 'velocity.log'
2021-10-28 15:40:39,394 - ************************************************************** 
2021-10-28 15:40:39,394 - Starting Jakarta Velocity v1.4
2021-10-28 15:40:39,394 - RuntimeInstance initializing.
2021-10-28 15:40:39,394 - Default Properties File: org/apache/velocity/runtime/defaults/velocity.properties
2021-10-28 15:40:39,394 - Trying to use logger class org.apache.velocity.runtime.log.SimpleLog4JLogSystem
2021-10-28 15:40:39,394 - Using logger class org.apache.velocity.runtime.log.SimpleLog4JLogSystem
2021-10-28 15:40:39,395 - Default ResourceManager initializing. (class org.apache.velocity.runtime.resource.ResourceManagerImpl)
2021-10-28 15:40:39,396 - Resource Loader Instantiated: org.apache.velocity.runtime.resource.loader.ClasspathResourceLoader
2021-10-28 15:40:39,396 - ClasspathResourceLoader : initialization starting.
2021-10-28 15:40:39,396 - ClasspathResourceLoader : initialization complete.
2021-10-28 15:40:39,397 - ResourceCache : initialized. (class org.apache.velocity.runtime.resource.ResourceCacheImpl)
2021-10-28 15:40:39,397 - Default ResourceManager initialization complete.
2021-10-28 15:40:39,398 - Loaded System Directive: org.apache.velocity.runtime.directive.Literal
2021-10-28 15:40:39,399 - Loaded System Directive: org.apache.velocity.runtime.directive.Macro
2021-10-28 15:40:39,400 - Loaded System Directive: org.apache.velocity.runtime.directive.Parse
2021-10-28 15:40:39,400 - Loaded System Directive: org.apache.velocity.runtime.directive.Include
2021-10-28 15:40:39,401 - Loaded System Directive: org.apache.velocity.runtime.directive.Foreach
2021-10-28 15:40:39,418 - Created: 20 parsers.
2021-10-28 15:40:39,420 - Velocimacro : initialization starting.
2021-10-28 15:40:39,420 - Velocimacro : adding VMs from VM library template : VM_global_library.vm
2021-10-28 15:40:39,422 - ResourceManager : unable to find resource 'VM_global_library.vm' in any resource loader.
2021-10-28 15:40:39,422 - Velocimacro : error using  VM library template VM_global_library.vm : org.apache.velocity.exception.ResourceNotFoundException: Unable to find resource 'VM_global_library.vm'
2021-10-28 15:40:39,422 - Velocimacro :  VM library template macro registration complete.
2021-10-28 15:40:39,422 - Velocimacro : allowInline = true : VMs can be defined inline in templates
2021-10-28 15:40:39,422 - Velocimacro : allowInlineToOverride = false : VMs defined inline may NOT replace previous VM definitions
2021-10-28 15:40:39,422 - Velocimacro : allowInlineLocal = false : VMs defined inline will be  global in scope if allowed.
2021-10-28 15:40:39,422 - Velocimacro : messages on  : VM system will output logging messages
2021-10-28 15:40:39,422 - Velocimacro : autoload off  : VM system will not automatically reload global library macros
2021-10-28 15:40:39,422 - Velocimacro : initialization complete.
2021-10-28 15:40:39,422 - Velocity successfully started.
2021-10-28 15:42:34,531 - SimpleLog4JLogSystem initialized using logfile 'velocity.log'
2021-10-28 15:42:34,532 - ************************************************************** 
2021-10-28 15:42:34,532 - Starting Jakarta Velocity v1.4
2021-10-28 15:42:34,532 - RuntimeInstance initializing.
2021-10-28 15:42:34,532 - Default Properties File: org/apache/velocity/runtime/defaults/velocity.properties
2021-10-28 15:42:34,532 - Trying to use logger class org.apache.velocity.runtime.log.SimpleLog4JLogSystem
2021-10-28 15:42:34,532 - Using logger class org.apache.velocity.runtime.log.SimpleLog4JLogSystem
2021-10-28 15:42:34,534 - Default ResourceManager initializing. (class org.apache.velocity.runtime.resource.ResourceManagerImpl)
2021-10-28 15:42:34,535 - Resource Loader Instantiated: org.apache.velocity.runtime.resource.loader.ClasspathResourceLoader
2021-10-28 15:42:34,535 - ClasspathResourceLoader : initialization starting.
2021-10-28 15:42:34,535 - ClasspathResourceLoader : initialization complete.
2021-10-28 15:42:34,535 - ResourceCache : initialized. (class org.apache.velocity.runtime.resource.ResourceCacheImpl)
2021-10-28 15:42:34,535 - Default ResourceManager initialization complete.
2021-10-28 15:42:34,537 - Loaded System Directive: org.apache.velocity.runtime.directive.Literal
2021-10-28 15:42:34,538 - Loaded System Directive: org.apache.velocity.runtime.directive.Macro
2021-10-28 15:42:34,539 - Loaded System Directive: org.apache.velocity.runtime.directive.Parse
2021-10-28 15:42:34,540 - Loaded System Directive: org.apache.velocity.runtime.directive.Include
2021-10-28 15:42:34,541 - Loaded System Directive: org.apache.velocity.runtime.directive.Foreach
2021-10-28 15:42:34,564 - Created: 20 parsers.
2021-10-28 15:42:34,566 - Velocimacro : initialization starting.
2021-10-28 15:42:34,566 - Velocimacro : adding VMs from VM library template : VM_global_library.vm
2021-10-28 15:42:34,568 - ResourceManager : unable to find resource 'VM_global_library.vm' in any resource loader.
2021-10-28 15:42:34,569 - Velocimacro : error using  VM library template VM_global_library.vm : org.apache.velocity.exception.ResourceNotFoundException: Unable to find resource 'VM_global_library.vm'
2021-10-28 15:42:34,569 - Velocimacro :  VM library template macro registration complete.
2021-10-28 15:42:34,569 - Velocimacro : allowInline = true : VMs can be defined inline in templates
2021-10-28 15:42:34,569 - Velocimacro : allowInlineToOverride = false : VMs defined inline may NOT replace previous VM definitions
2021-10-28 15:42:34,569 - Velocimacro : allowInlineLocal = false : VMs defined inline will be  global in scope if allowed.
2021-10-28 15:42:34,569 - Velocimacro : messages on  : VM system will output logging messages
2021-10-28 15:42:34,569 - Velocimacro : autoload off  : VM system will not automatically reload global library macros
2021-10-28 15:42:34,569 - Velocimacro : initialization complete.
2021-10-28 15:42:34,569 - Velocity successfully started.
2021-10-28 15:44:18,971 - SimpleLog4JLogSystem initialized using logfile 'velocity.log'
2021-10-28 15:44:18,971 - ************************************************************** 
2021-10-28 15:44:18,971 - Starting Jakarta Velocity v1.4
2021-10-28 15:44:18,971 - RuntimeInstance initializing.
2021-10-28 15:44:18,972 - Default Properties File: org/apache/velocity/runtime/defaults/velocity.properties
2021-10-28 15:44:18,972 - Trying to use logger class org.apache.velocity.runtime.log.SimpleLog4JLogSystem
2021-10-28 15:44:18,972 - Using logger class org.apache.velocity.runtime.log.SimpleLog4JLogSystem
2021-10-28 15:44:18,973 - Default ResourceManager initializing. (class org.apache.velocity.runtime.resource.ResourceManagerImpl)
2021-10-28 15:44:18,975 - Resource Loader Instantiated: org.apache.velocity.runtime.resource.loader.ClasspathResourceLoader
2021-10-28 15:44:18,975 - ClasspathResourceLoader : initialization starting.
2021-10-28 15:44:18,975 - ClasspathResourceLoader : initialization complete.
2021-10-28 15:44:18,976 - ResourceCache : initialized. (class org.apache.velocity.runtime.resource.ResourceCacheImpl)
2021-10-28 15:44:18,976 - Default ResourceManager initialization complete.
2021-10-28 15:44:18,977 - Loaded System Directive: org.apache.velocity.runtime.directive.Literal
2021-10-28 15:44:18,978 - Loaded System Directive: org.apache.velocity.runtime.directive.Macro
2021-10-28 15:44:18,979 - Loaded System Directive: org.apache.velocity.runtime.directive.Parse
2021-10-28 15:44:18,980 - Loaded System Directive: org.apache.velocity.runtime.directive.Include
2021-10-28 15:44:18,980 - Loaded System Directive: org.apache.velocity.runtime.directive.Foreach
2021-10-28 15:44:18,998 - Created: 20 parsers.
2021-10-28 15:44:19,001 - Velocimacro : initialization starting.
2021-10-28 15:44:19,001 - Velocimacro : adding VMs from VM library template : VM_global_library.vm
2021-10-28 15:44:19,003 - ResourceManager : unable to find resource 'VM_global_library.vm' in any resource loader.
2021-10-28 15:44:19,004 - Velocimacro : error using  VM library template VM_global_library.vm : org.apache.velocity.exception.ResourceNotFoundException: Unable to find resource 'VM_global_library.vm'
2021-10-28 15:44:19,004 - Velocimacro :  VM library template macro registration complete.
2021-10-28 15:44:19,004 - Velocimacro : allowInline = true : VMs can be defined inline in templates
2021-10-28 15:44:19,004 - Velocimacro : allowInlineToOverride = false : VMs defined inline may NOT replace previous VM definitions
2021-10-28 15:44:19,004 - Velocimacro : allowInlineLocal = false : VMs defined inline will be  global in scope if allowed.
2021-10-28 15:44:19,004 - Velocimacro : messages on  : VM system will output logging messages
2021-10-28 15:44:19,004 - Velocimacro : autoload off  : VM system will not automatically reload global library macros
2021-10-28 15:44:19,004 - Velocimacro : initialization complete.
2021-10-28 15:44:19,004 - Velocity successfully started.
2021-10-28 15:55:18,411 - SimpleLog4JLogSystem initialized using logfile 'velocity.log'
2021-10-28 15:55:18,412 - ************************************************************** 
2021-10-28 15:55:18,412 - Starting Jakarta Velocity v1.4
2021-10-28 15:55:18,412 - RuntimeInstance initializing.
2021-10-28 15:55:18,412 - Default Properties File: org/apache/velocity/runtime/defaults/velocity.properties
2021-10-28 15:55:18,412 - Trying to use logger class org.apache.velocity.runtime.log.SimpleLog4JLogSystem
2021-10-28 15:55:18,412 - Using logger class org.apache.velocity.runtime.log.SimpleLog4JLogSystem
2021-10-28 15:55:18,413 - Default ResourceManager initializing. (class org.apache.velocity.runtime.resource.ResourceManagerImpl)
2021-10-28 15:55:18,414 - Resource Loader Instantiated: org.apache.velocity.runtime.resource.loader.ClasspathResourceLoader
2021-10-28 15:55:18,414 - ClasspathResourceLoader : initialization starting.
2021-10-28 15:55:18,414 - ClasspathResourceLoader : initialization complete.
2021-10-28 15:55:18,415 - ResourceCache : initialized. (class org.apache.velocity.runtime.resource.ResourceCacheImpl)
2021-10-28 15:55:18,415 - Default ResourceManager initialization complete.
2021-10-28 15:55:18,416 - Loaded System Directive: org.apache.velocity.runtime.directive.Literal
2021-10-28 15:55:18,417 - Loaded System Directive: org.apache.velocity.runtime.directive.Macro
2021-10-28 15:55:18,418 - Loaded System Directive: org.apache.velocity.runtime.directive.Parse
2021-10-28 15:55:18,418 - Loaded System Directive: org.apache.velocity.runtime.directive.Include
2021-10-28 15:55:18,419 - Loaded System Directive: org.apache.velocity.runtime.directive.Foreach
2021-10-28 15:55:18,438 - Created: 20 parsers.
2021-10-28 15:55:18,441 - Velocimacro : initialization starting.
2021-10-28 15:55:18,441 - Velocimacro : adding VMs from VM library template : VM_global_library.vm
2021-10-28 15:55:18,443 - ResourceManager : unable to find resource 'VM_global_library.vm' in any resource loader.
2021-10-28 15:55:18,444 - Velocimacro : error using  VM library template VM_global_library.vm : org.apache.velocity.exception.ResourceNotFoundException: Unable to find resource 'VM_global_library.vm'
2021-10-28 15:55:18,444 - Velocimacro :  VM library template macro registration complete.
2021-10-28 15:55:18,444 - Velocimacro : allowInline = true : VMs can be defined inline in templates
2021-10-28 15:55:18,444 - Velocimacro : allowInlineToOverride = false : VMs defined inline may NOT replace previous VM definitions
2021-10-28 15:55:18,444 - Velocimacro : allowInlineLocal = false : VMs defined inline will be  global in scope if allowed.
2021-10-28 15:55:18,444 - Velocimacro : messages on  : VM system will output logging messages
2021-10-28 15:55:18,444 - Velocimacro : autoload off  : VM system will not automatically reload global library macros
2021-10-28 15:55:18,444 - Velocimacro : initialization complete.
2021-10-28 15:55:18,444 - Velocity successfully started.
2021-10-28 15:59:55,242 - SimpleLog4JLogSystem initialized using logfile 'velocity.log'
2021-10-28 15:59:55,243 - ************************************************************** 
2021-10-28 15:59:55,243 - Starting Jakarta Velocity v1.4
2021-10-28 15:59:55,243 - RuntimeInstance initializing.
2021-10-28 15:59:55,243 - Default Properties File: org/apache/velocity/runtime/defaults/velocity.properties
2021-10-28 15:59:55,243 - Trying to use logger class org.apache.velocity.runtime.log.SimpleLog4JLogSystem
2021-10-28 15:59:55,243 - Using logger class org.apache.velocity.runtime.log.SimpleLog4JLogSystem
2021-10-28 15:59:55,244 - Default ResourceManager initializing. (class org.apache.velocity.runtime.resource.ResourceManagerImpl)
2021-10-28 15:59:55,245 - Resource Loader Instantiated: org.apache.velocity.runtime.resource.loader.ClasspathResourceLoader
2021-10-28 15:59:55,245 - ClasspathResourceLoader : initialization starting.
2021-10-28 15:59:55,245 - ClasspathResourceLoader : initialization complete.
2021-10-28 15:59:55,246 - ResourceCache : initialized. (class org.apache.velocity.runtime.resource.ResourceCacheImpl)
2021-10-28 15:59:55,246 - Default ResourceManager initialization complete.
2021-10-28 15:59:55,247 - Loaded System Directive: org.apache.velocity.runtime.directive.Literal
2021-10-28 15:59:55,248 - Loaded System Directive: org.apache.velocity.runtime.directive.Macro
2021-10-28 15:59:55,249 - Loaded System Directive: org.apache.velocity.runtime.directive.Parse
2021-10-28 15:59:55,250 - Loaded System Directive: org.apache.velocity.runtime.directive.Include
2021-10-28 15:59:55,250 - Loaded System Directive: org.apache.velocity.runtime.directive.Foreach
2021-10-28 15:59:55,274 - Created: 20 parsers.
2021-10-28 15:59:55,276 - Velocimacro : initialization starting.
2021-10-28 15:59:55,276 - Velocimacro : adding VMs from VM library template : VM_global_library.vm
2021-10-28 15:59:55,280 - ResourceManager : unable to find resource 'VM_global_library.vm' in any resource loader.
2021-10-28 15:59:55,280 - Velocimacro : error using  VM library template VM_global_library.vm : org.apache.velocity.exception.ResourceNotFoundException: Unable to find resource 'VM_global_library.vm'
2021-10-28 15:59:55,280 - Velocimacro :  VM library template macro registration complete.
2021-10-28 15:59:55,280 - Velocimacro : allowInline = true : VMs can be defined inline in templates
2021-10-28 15:59:55,280 - Velocimacro : allowInlineToOverride = false : VMs defined inline may NOT replace previous VM definitions
2021-10-28 15:59:55,281 - Velocimacro : allowInlineLocal = false : VMs defined inline will be  global in scope if allowed.
2021-10-28 15:59:55,281 - Velocimacro : messages on  : VM system will output logging messages
2021-10-28 15:59:55,281 - Velocimacro : autoload off  : VM system will not automatically reload global library macros
2021-10-28 15:59:55,281 - Velocimacro : initialization complete.
2021-10-28 15:59:55,281 - Velocity successfully started.
2021-10-28 21:15:42,170 - SimpleLog4JLogSystem initialized using logfile 'velocity.log'
2021-10-28 21:15:42,173 - ************************************************************** 
2021-10-28 21:15:42,173 - Starting Jakarta Velocity v1.4
2021-10-28 21:15:42,173 - RuntimeInstance initializing.
2021-10-28 21:15:42,173 - Default Properties File: org/apache/velocity/runtime/defaults/velocity.properties
2021-10-28 21:15:42,173 - Trying to use logger class org.apache.velocity.runtime.log.SimpleLog4JLogSystem
2021-10-28 21:15:42,173 - Using logger class org.apache.velocity.runtime.log.SimpleLog4JLogSystem
2021-10-28 21:15:42,191 - Default ResourceManager initializing. (class org.apache.velocity.runtime.resource.ResourceManagerImpl)
2021-10-28 21:15:42,196 - Resource Loader Instantiated: org.apache.velocity.runtime.resource.loader.ClasspathResourceLoader
2021-10-28 21:15:42,196 - ClasspathResourceLoader : initialization starting.
2021-10-28 21:15:42,196 - ClasspathResourceLoader : initialization complete.
2021-10-28 21:15:42,197 - ResourceCache : initialized. (class org.apache.velocity.runtime.resource.ResourceCacheImpl)
2021-10-28 21:15:42,197 - Default ResourceManager initialization complete.
2021-10-28 21:15:42,199 - Loaded System Directive: org.apache.velocity.runtime.directive.Literal
2021-10-28 21:15:42,200 - Loaded System Directive: org.apache.velocity.runtime.directive.Macro
2021-10-28 21:15:42,201 - Loaded System Directive: org.apache.velocity.runtime.directive.Parse
2021-10-28 21:15:42,206 - Loaded System Directive: org.apache.velocity.runtime.directive.Include
2021-10-28 21:15:42,207 - Loaded System Directive: org.apache.velocity.runtime.directive.Foreach
2021-10-28 21:15:42,230 - Created: 20 parsers.
2021-10-28 21:15:42,232 - Velocimacro : initialization starting.
2021-10-28 21:15:42,232 - Velocimacro : adding VMs from VM library template : VM_global_library.vm
2021-10-28 21:15:42,235 - ResourceManager : unable to find resource 'VM_global_library.vm' in any resource loader.
2021-10-28 21:15:42,235 - Velocimacro : error using  VM library template VM_global_library.vm : org.apache.velocity.exception.ResourceNotFoundException: Unable to find resource 'VM_global_library.vm'
2021-10-28 21:15:42,235 - Velocimacro :  VM library template macro registration complete.
2021-10-28 21:15:42,235 - Velocimacro : allowInline = true : VMs can be defined inline in templates
2021-10-28 21:15:42,235 - Velocimacro : allowInlineToOverride = false : VMs defined inline may NOT replace previous VM definitions
2021-10-28 21:15:42,235 - Velocimacro : allowInlineLocal = false : VMs defined inline will be  global in scope if allowed.
2021-10-28 21:15:42,235 - Velocimacro : messages on  : VM system will output logging messages
2021-10-28 21:15:42,235 - Velocimacro : autoload off  : VM system will not automatically reload global library macros
2021-10-28 21:15:42,235 - Velocimacro : initialization complete.
2021-10-28 21:15:42,235 - Velocity successfully started.
2021-10-28 21:17:38,350 - SimpleLog4JLogSystem initialized using logfile 'velocity.log'
2021-10-28 21:17:38,350 - ************************************************************** 
2021-10-28 21:17:38,350 - Starting Jakarta Velocity v1.4
2021-10-28 21:17:38,350 - RuntimeInstance initializing.
2021-10-28 21:17:38,351 - Default Properties File: org/apache/velocity/runtime/defaults/velocity.properties
2021-10-28 21:17:38,351 - Trying to use logger class org.apache.velocity.runtime.log.SimpleLog4JLogSystem
2021-10-28 21:17:38,351 - Using logger class org.apache.velocity.runtime.log.SimpleLog4JLogSystem
2021-10-28 21:17:38,352 - Default ResourceManager initializing. (class org.apache.velocity.runtime.resource.ResourceManagerImpl)
2021-10-28 21:17:38,353 - Resource Loader Instantiated: org.apache.velocity.runtime.resource.loader.ClasspathResourceLoader
2021-10-28 21:17:38,353 - ClasspathResourceLoader : initialization starting.
2021-10-28 21:17:38,353 - ClasspathResourceLoader : initialization complete.
2021-10-28 21:17:38,354 - ResourceCache : initialized. (class org.apache.velocity.runtime.resource.ResourceCacheImpl)
2021-10-28 21:17:38,354 - Default ResourceManager initialization complete.
2021-10-28 21:17:38,355 - Loaded System Directive: org.apache.velocity.runtime.directive.Literal
2021-10-28 21:17:38,356 - Loaded System Directive: org.apache.velocity.runtime.directive.Macro
2021-10-28 21:17:38,357 - Loaded System Directive: org.apache.velocity.runtime.directive.Parse
2021-10-28 21:17:38,358 - Loaded System Directive: org.apache.velocity.runtime.directive.Include
2021-10-28 21:17:38,358 - Loaded System Directive: org.apache.velocity.runtime.directive.Foreach
2021-10-28 21:17:38,376 - Created: 20 parsers.
2021-10-28 21:17:38,378 - Velocimacro : initialization starting.
2021-10-28 21:17:38,378 - Velocimacro : adding VMs from VM library template : VM_global_library.vm
2021-10-28 21:17:38,379 - ResourceManager : unable to find resource 'VM_global_library.vm' in any resource loader.
2021-10-28 21:17:38,380 - Velocimacro : error using  VM library template VM_global_library.vm : org.apache.velocity.exception.ResourceNotFoundException: Unable to find resource 'VM_global_library.vm'
2021-10-28 21:17:38,380 - Velocimacro :  VM library template macro registration complete.
2021-10-28 21:17:38,380 - Velocimacro : allowInline = true : VMs can be defined inline in templates
2021-10-28 21:17:38,380 - Velocimacro : allowInlineToOverride = false : VMs defined inline may NOT replace previous VM definitions
2021-10-28 21:17:38,380 - Velocimacro : allowInlineLocal = false : VMs defined inline will be  global in scope if allowed.
2021-10-28 21:17:38,380 - Velocimacro : messages on  : VM system will output logging messages
2021-10-28 21:17:38,380 - Velocimacro : autoload off  : VM system will not automatically reload global library macros
2021-10-28 21:17:38,380 - Velocimacro : initialization complete.
2021-10-28 21:17:38,380 - Velocity successfully started.
2021-10-28 21:28:30,822 - SimpleLog4JLogSystem initialized using logfile 'velocity.log'
2021-10-28 21:28:30,822 - ************************************************************** 
2021-10-28 21:28:30,822 - Starting Jakarta Velocity v1.4
2021-10-28 21:28:30,822 - RuntimeInstance initializing.
2021-10-28 21:28:30,822 - Default Properties File: org/apache/velocity/runtime/defaults/velocity.properties
2021-10-28 21:28:30,822 - Trying to use logger class org.apache.velocity.runtime.log.SimpleLog4JLogSystem
2021-10-28 21:28:30,822 - Using logger class org.apache.velocity.runtime.log.SimpleLog4JLogSystem
2021-10-28 21:28:30,824 - Default ResourceManager initializing. (class org.apache.velocity.runtime.resource.ResourceManagerImpl)
2021-10-28 21:28:30,825 - Resource Loader Instantiated: org.apache.velocity.runtime.resource.loader.ClasspathResourceLoader
2021-10-28 21:28:30,825 - ClasspathResourceLoader : initialization starting.
2021-10-28 21:28:30,825 - ClasspathResourceLoader : initialization complete.
2021-10-28 21:28:30,825 - ResourceCache : initialized. (class org.apache.velocity.runtime.resource.ResourceCacheImpl)
2021-10-28 21:28:30,826 - Default ResourceManager initialization complete.
2021-10-28 21:28:30,826 - Loaded System Directive: org.apache.velocity.runtime.directive.Literal
2021-10-28 21:28:30,827 - Loaded System Directive: org.apache.velocity.runtime.directive.Macro
2021-10-28 21:28:30,828 - Loaded System Directive: org.apache.velocity.runtime.directive.Parse
2021-10-28 21:28:30,829 - Loaded System Directive: org.apache.velocity.runtime.directive.Include
2021-10-28 21:28:30,829 - Loaded System Directive: org.apache.velocity.runtime.directive.Foreach
2021-10-28 21:28:30,847 - Created: 20 parsers.
2021-10-28 21:28:30,849 - Velocimacro : initialization starting.
2021-10-28 21:28:30,849 - Velocimacro : adding VMs from VM library template : VM_global_library.vm
2021-10-28 21:28:30,851 - ResourceManager : unable to find resource 'VM_global_library.vm' in any resource loader.
2021-10-28 21:28:30,851 - Velocimacro : error using  VM library template VM_global_library.vm : org.apache.velocity.exception.ResourceNotFoundException: Unable to find resource 'VM_global_library.vm'
2021-10-28 21:28:30,851 - Velocimacro :  VM library template macro registration complete.
2021-10-28 21:28:30,851 - Velocimacro : allowInline = true : VMs can be defined inline in templates
2021-10-28 21:28:30,851 - Velocimacro : allowInlineToOverride = false : VMs defined inline may NOT replace previous VM definitions
2021-10-28 21:28:30,851 - Velocimacro : allowInlineLocal = false : VMs defined inline will be  global in scope if allowed.
2021-10-28 21:28:30,851 - Velocimacro : messages on  : VM system will output logging messages
2021-10-28 21:28:30,851 - Velocimacro : autoload off  : VM system will not automatically reload global library macros
2021-10-28 21:28:30,851 - Velocimacro : initialization complete.
2021-10-28 21:28:30,851 - Velocity successfully started.
2021-10-28 21:29:09,789 - SimpleLog4JLogSystem initialized using logfile 'velocity.log'
2021-10-28 21:29:09,789 - ************************************************************** 
2021-10-28 21:29:09,789 - Starting Jakarta Velocity v1.4
2021-10-28 21:29:09,789 - RuntimeInstance initializing.
2021-10-28 21:29:09,789 - Default Properties File: org/apache/velocity/runtime/defaults/velocity.properties
2021-10-28 21:29:09,789 - Trying to use logger class org.apache.velocity.runtime.log.SimpleLog4JLogSystem
2021-10-28 21:29:09,789 - Using logger class org.apache.velocity.runtime.log.SimpleLog4JLogSystem
2021-10-28 21:29:09,791 - Default ResourceManager initializing. (class org.apache.velocity.runtime.resource.ResourceManagerImpl)
2021-10-28 21:29:09,792 - Resource Loader Instantiated: org.apache.velocity.runtime.resource.loader.ClasspathResourceLoader
2021-10-28 21:29:09,792 - ClasspathResourceLoader : initialization starting.
2021-10-28 21:29:09,792 - ClasspathResourceLoader : initialization complete.
2021-10-28 21:29:09,793 - ResourceCache : initialized. (class org.apache.velocity.runtime.resource.ResourceCacheImpl)
2021-10-28 21:29:09,793 - Default ResourceManager initialization complete.
2021-10-28 21:29:09,794 - Loaded System Directive: org.apache.velocity.runtime.directive.Literal
2021-10-28 21:29:09,795 - Loaded System Directive: org.apache.velocity.runtime.directive.Macro
2021-10-28 21:29:09,796 - Loaded System Directive: org.apache.velocity.runtime.directive.Parse
2021-10-28 21:29:09,796 - Loaded System Directive: org.apache.velocity.runtime.directive.Include
2021-10-28 21:29:09,797 - Loaded System Directive: org.apache.velocity.runtime.directive.Foreach
2021-10-28 21:29:09,815 - Created: 20 parsers.
2021-10-28 21:29:09,817 - Velocimacro : initialization starting.
2021-10-28 21:29:09,817 - Velocimacro : adding VMs from VM library template : VM_global_library.vm
2021-10-28 21:29:09,819 - ResourceManager : unable to find resource 'VM_global_library.vm' in any resource loader.
2021-10-28 21:29:09,819 - Velocimacro : error using  VM library template VM_global_library.vm : org.apache.velocity.exception.ResourceNotFoundException: Unable to find resource 'VM_global_library.vm'
2021-10-28 21:29:09,819 - Velocimacro :  VM library template macro registration complete.
2021-10-28 21:29:09,819 - Velocimacro : allowInline = true : VMs can be defined inline in templates
2021-10-28 21:29:09,819 - Velocimacro : allowInlineToOverride = false : VMs defined inline may NOT replace previous VM definitions
2021-10-28 21:29:09,819 - Velocimacro : allowInlineLocal = false : VMs defined inline will be  global in scope if allowed.
2021-10-28 21:29:09,819 - Velocimacro : messages on  : VM system will output logging messages
2021-10-28 21:29:09,819 - Velocimacro : autoload off  : VM system will not automatically reload global library macros
2021-10-28 21:29:09,819 - Velocimacro : initialization complete.
2021-10-28 21:29:09,819 - Velocity successfully started.
2021-10-28 21:39:03,146 - SimpleLog4JLogSystem initialized using logfile 'velocity.log'
2021-10-28 21:39:03,147 - ************************************************************** 
2021-10-28 21:39:03,147 - Starting Jakarta Velocity v1.4
2021-10-28 21:39:03,147 - RuntimeInstance initializing.
2021-10-28 21:39:03,147 - Default Properties File: org/apache/velocity/runtime/defaults/velocity.properties
2021-10-28 21:39:03,147 - Trying to use logger class org.apache.velocity.runtime.log.SimpleLog4JLogSystem
2021-10-28 21:39:03,147 - Using logger class org.apache.velocity.runtime.log.SimpleLog4JLogSystem
2021-10-28 21:39:03,149 - Default ResourceManager initializing. (class org.apache.velocity.runtime.resource.ResourceManagerImpl)
2021-10-28 21:39:03,150 - Resource Loader Instantiated: org.apache.velocity.runtime.resource.loader.ClasspathResourceLoader
2021-10-28 21:39:03,151 - ClasspathResourceLoader : initialization starting.
2021-10-28 21:39:03,151 - ClasspathResourceLoader : initialization complete.
2021-10-28 21:39:03,151 - ResourceCache : initialized. (class org.apache.velocity.runtime.resource.ResourceCacheImpl)
2021-10-28 21:39:03,151 - Default ResourceManager initialization complete.
2021-10-28 21:39:03,152 - Loaded System Directive: org.apache.velocity.runtime.directive.Literal
2021-10-28 21:39:03,153 - Loaded System Directive: org.apache.velocity.runtime.directive.Macro
2021-10-28 21:39:03,154 - Loaded System Directive: org.apache.velocity.runtime.directive.Parse
2021-10-28 21:39:03,155 - Loaded System Directive: org.apache.velocity.runtime.directive.Include
2021-10-28 21:39:03,155 - Loaded System Directive: org.apache.velocity.runtime.directive.Foreach
2021-10-28 21:39:03,175 - Created: 20 parsers.
2021-10-28 21:39:03,177 - Velocimacro : initialization starting.
2021-10-28 21:39:03,177 - Velocimacro : adding VMs from VM library template : VM_global_library.vm
2021-10-28 21:39:03,178 - ResourceManager : unable to find resource 'VM_global_library.vm' in any resource loader.
2021-10-28 21:39:03,178 - Velocimacro : error using  VM library template VM_global_library.vm : org.apache.velocity.exception.ResourceNotFoundException: Unable to find resource 'VM_global_library.vm'
2021-10-28 21:39:03,178 - Velocimacro :  VM library template macro registration complete.
2021-10-28 21:39:03,178 - Velocimacro : allowInline = true : VMs can be defined inline in templates
2021-10-28 21:39:03,178 - Velocimacro : allowInlineToOverride = false : VMs defined inline may NOT replace previous VM definitions
2021-10-28 21:39:03,178 - Velocimacro : allowInlineLocal = false : VMs defined inline will be  global in scope if allowed.
2021-10-28 21:39:03,178 - Velocimacro : messages on  : VM system will output logging messages
2021-10-28 21:39:03,178 - Velocimacro : autoload off  : VM system will not automatically reload global library macros
2021-10-28 21:39:03,178 - Velocimacro : initialization complete.
2021-10-28 21:39:03,178 - Velocity successfully started.
2021-10-28 21:40:45,964 - SimpleLog4JLogSystem initialized using logfile 'velocity.log'
2021-10-28 21:40:45,965 - ************************************************************** 
2021-10-28 21:40:45,965 - Starting Jakarta Velocity v1.4
2021-10-28 21:40:45,965 - RuntimeInstance initializing.
2021-10-28 21:40:45,965 - Default Properties File: org/apache/velocity/runtime/defaults/velocity.properties
2021-10-28 21:40:45,965 - Trying to use logger class org.apache.velocity.runtime.log.SimpleLog4JLogSystem
2021-10-28 21:40:45,965 - Using logger class org.apache.velocity.runtime.log.SimpleLog4JLogSystem
2021-10-28 21:40:45,967 - Default ResourceManager initializing. (class org.apache.velocity.runtime.resource.ResourceManagerImpl)
2021-10-28 21:40:45,968 - Resource Loader Instantiated: org.apache.velocity.runtime.resource.loader.ClasspathResourceLoader
2021-10-28 21:40:45,968 - ClasspathResourceLoader : initialization starting.
2021-10-28 21:40:45,968 - ClasspathResourceLoader : initialization complete.
2021-10-28 21:40:45,969 - ResourceCache : initialized. (class org.apache.velocity.runtime.resource.ResourceCacheImpl)
2021-10-28 21:40:45,969 - Default ResourceManager initialization complete.
2021-10-28 21:40:45,970 - Loaded System Directive: org.apache.velocity.runtime.directive.Literal
2021-10-28 21:40:45,971 - Loaded System Directive: org.apache.velocity.runtime.directive.Macro
2021-10-28 21:40:45,972 - Loaded System Directive: org.apache.velocity.runtime.directive.Parse
2021-10-28 21:40:45,972 - Loaded System Directive: org.apache.velocity.runtime.directive.Include
2021-10-28 21:40:45,973 - Loaded System Directive: org.apache.velocity.runtime.directive.Foreach
2021-10-28 21:40:45,992 - Created: 20 parsers.
2021-10-28 21:40:45,995 - Velocimacro : initialization starting.
2021-10-28 21:40:45,995 - Velocimacro : adding VMs from VM library template : VM_global_library.vm
2021-10-28 21:40:45,996 - ResourceManager : unable to find resource 'VM_global_library.vm' in any resource loader.
2021-10-28 21:40:45,996 - Velocimacro : error using  VM library template VM_global_library.vm : org.apache.velocity.exception.ResourceNotFoundException: Unable to find resource 'VM_global_library.vm'
2021-10-28 21:40:45,996 - Velocimacro :  VM library template macro registration complete.
2021-10-28 21:40:45,996 - Velocimacro : allowInline = true : VMs can be defined inline in templates
2021-10-28 21:40:45,996 - Velocimacro : allowInlineToOverride = false : VMs defined inline may NOT replace previous VM definitions
2021-10-28 21:40:45,997 - Velocimacro : allowInlineLocal = false : VMs defined inline will be  global in scope if allowed.
2021-10-28 21:40:45,997 - Velocimacro : messages on  : VM system will output logging messages
2021-10-28 21:40:45,997 - Velocimacro : autoload off  : VM system will not automatically reload global library macros
2021-10-28 21:40:45,997 - Velocimacro : initialization complete.
2021-10-28 21:40:45,997 - Velocity successfully started.
2021-10-28 21:42:07,331 - SimpleLog4JLogSystem initialized using logfile 'velocity.log'
2021-10-28 21:42:07,338 - ************************************************************** 
2021-10-28 21:42:07,338 - Starting Jakarta Velocity v1.4
2021-10-28 21:42:07,338 - RuntimeInstance initializing.
2021-10-28 21:42:07,338 - Default Properties File: org/apache/velocity/runtime/defaults/velocity.properties
2021-10-28 21:42:07,338 - Trying to use logger class org.apache.velocity.runtime.log.SimpleLog4JLogSystem
2021-10-28 21:42:07,338 - Using logger class org.apache.velocity.runtime.log.SimpleLog4JLogSystem
2021-10-28 21:42:07,340 - Default ResourceManager initializing. (class org.apache.velocity.runtime.resource.ResourceManagerImpl)
2021-10-28 21:42:07,342 - Resource Loader Instantiated: org.apache.velocity.runtime.resource.loader.ClasspathResourceLoader
2021-10-28 21:42:07,342 - ClasspathResourceLoader : initialization starting.
2021-10-28 21:42:07,342 - ClasspathResourceLoader : initialization complete.
2021-10-28 21:42:07,342 - ResourceCache : initialized. (class org.apache.velocity.runtime.resource.ResourceCacheImpl)
2021-10-28 21:42:07,342 - Default ResourceManager initialization complete.
2021-10-28 21:42:07,344 - Loaded System Directive: org.apache.velocity.runtime.directive.Literal
2021-10-28 21:42:07,345 - Loaded System Directive: org.apache.velocity.runtime.directive.Macro
2021-10-28 21:42:07,346 - Loaded System Directive: org.apache.velocity.runtime.directive.Parse
2021-10-28 21:42:07,347 - Loaded System Directive: org.apache.velocity.runtime.directive.Include
2021-10-28 21:42:07,348 - Loaded System Directive: org.apache.velocity.runtime.directive.Foreach
2021-10-28 21:42:07,374 - Created: 20 parsers.
2021-10-28 21:42:07,377 - Velocimacro : initialization starting.
2021-10-28 21:42:07,377 - Velocimacro : adding VMs from VM library template : VM_global_library.vm
2021-10-28 21:42:07,378 - ResourceManager : unable to find resource 'VM_global_library.vm' in any resource loader.
2021-10-28 21:42:07,378 - Velocimacro : error using  VM library template VM_global_library.vm : org.apache.velocity.exception.ResourceNotFoundException: Unable to find resource 'VM_global_library.vm'
2021-10-28 21:42:07,378 - Velocimacro :  VM library template macro registration complete.
2021-10-28 21:42:07,378 - Velocimacro : allowInline = true : VMs can be defined inline in templates
2021-10-28 21:42:07,378 - Velocimacro : allowInlineToOverride = false : VMs defined inline may NOT replace previous VM definitions
2021-10-28 21:42:07,379 - Velocimacro : allowInlineLocal = false : VMs defined inline will be  global in scope if allowed.
2021-10-28 21:42:07,379 - Velocimacro : messages on  : VM system will output logging messages
2021-10-28 21:42:07,379 - Velocimacro : autoload off  : VM system will not automatically reload global library macros
2021-10-28 21:42:07,379 - Velocimacro : initialization complete.
2021-10-28 21:42:07,379 - Velocity successfully started.
2021-10-28 21:44:04,301 - SimpleLog4JLogSystem initialized using logfile 'velocity.log'
2021-10-28 21:44:04,301 - ************************************************************** 
2021-10-28 21:44:04,301 - Starting Jakarta Velocity v1.4
2021-10-28 21:44:04,301 - RuntimeInstance initializing.
2021-10-28 21:44:04,301 - Default Properties File: org/apache/velocity/runtime/defaults/velocity.properties
2021-10-28 21:44:04,301 - Trying to use logger class org.apache.velocity.runtime.log.SimpleLog4JLogSystem
2021-10-28 21:44:04,301 - Using logger class org.apache.velocity.runtime.log.SimpleLog4JLogSystem
2021-10-28 21:44:04,303 - Default ResourceManager initializing. (class org.apache.velocity.runtime.resource.ResourceManagerImpl)
2021-10-28 21:44:04,304 - Resource Loader Instantiated: org.apache.velocity.runtime.resource.loader.ClasspathResourceLoader
2021-10-28 21:44:04,304 - ClasspathResourceLoader : initialization starting.
2021-10-28 21:44:04,304 - ClasspathResourceLoader : initialization complete.
2021-10-28 21:44:04,305 - ResourceCache : initialized. (class org.apache.velocity.runtime.resource.ResourceCacheImpl)
2021-10-28 21:44:04,305 - Default ResourceManager initialization complete.
2021-10-28 21:44:04,305 - Loaded System Directive: org.apache.velocity.runtime.directive.Literal
2021-10-28 21:44:04,306 - Loaded System Directive: org.apache.velocity.runtime.directive.Macro
2021-10-28 21:44:04,307 - Loaded System Directive: org.apache.velocity.runtime.directive.Parse
2021-10-28 21:44:04,308 - Loaded System Directive: org.apache.velocity.runtime.directive.Include
2021-10-28 21:44:04,309 - Loaded System Directive: org.apache.velocity.runtime.directive.Foreach
2021-10-28 21:44:04,328 - Created: 20 parsers.
2021-10-28 21:44:04,330 - Velocimacro : initialization starting.
2021-10-28 21:44:04,330 - Velocimacro : adding VMs from VM library template : VM_global_library.vm
2021-10-28 21:44:04,332 - ResourceManager : unable to find resource 'VM_global_library.vm' in any resource loader.
2021-10-28 21:44:04,332 - Velocimacro : error using  VM library template VM_global_library.vm : org.apache.velocity.exception.ResourceNotFoundException: Unable to find resource 'VM_global_library.vm'
2021-10-28 21:44:04,332 - Velocimacro :  VM library template macro registration complete.
2021-10-28 21:44:04,332 - Velocimacro : allowInline = true : VMs can be defined inline in templates
2021-10-28 21:44:04,332 - Velocimacro : allowInlineToOverride = false : VMs defined inline may NOT replace previous VM definitions
2021-10-28 21:44:04,332 - Velocimacro : allowInlineLocal = false : VMs defined inline will be  global in scope if allowed.
2021-10-28 21:44:04,332 - Velocimacro : messages on  : VM system will output logging messages
2021-10-28 21:44:04,332 - Velocimacro : autoload off  : VM system will not automatically reload global library macros
2021-10-28 21:44:04,332 - Velocimacro : initialization complete.
2021-10-28 21:44:04,332 - Velocity successfully started.
2021-10-28 21:46:08,556 - SimpleLog4JLogSystem initialized using logfile 'velocity.log'
2021-10-28 21:46:08,556 - ************************************************************** 
2021-10-28 21:46:08,556 - Starting Jakarta Velocity v1.4
2021-10-28 21:46:08,556 - RuntimeInstance initializing.
2021-10-28 21:46:08,556 - Default Properties File: org/apache/velocity/runtime/defaults/velocity.properties
2021-10-28 21:46:08,556 - Trying to use logger class org.apache.velocity.runtime.log.SimpleLog4JLogSystem
2021-10-28 21:46:08,556 - Using logger class org.apache.velocity.runtime.log.SimpleLog4JLogSystem
2021-10-28 21:46:08,558 - Default ResourceManager initializing. (class org.apache.velocity.runtime.resource.ResourceManagerImpl)
2021-10-28 21:46:08,559 - Resource Loader Instantiated: org.apache.velocity.runtime.resource.loader.ClasspathResourceLoader
2021-10-28 21:46:08,559 - ClasspathResourceLoader : initialization starting.
2021-10-28 21:46:08,559 - ClasspathResourceLoader : initialization complete.
2021-10-28 21:46:08,560 - ResourceCache : initialized. (class org.apache.velocity.runtime.resource.ResourceCacheImpl)
2021-10-28 21:46:08,560 - Default ResourceManager initialization complete.
2021-10-28 21:46:08,561 - Loaded System Directive: org.apache.velocity.runtime.directive.Literal
2021-10-28 21:46:08,570 - Loaded System Directive: org.apache.velocity.runtime.directive.Macro
2021-10-28 21:46:08,571 - Loaded System Directive: org.apache.velocity.runtime.directive.Parse
2021-10-28 21:46:08,572 - Loaded System Directive: org.apache.velocity.runtime.directive.Include
2021-10-28 21:46:08,573 - Loaded System Directive: org.apache.velocity.runtime.directive.Foreach
2021-10-28 21:46:08,592 - Created: 20 parsers.
2021-10-28 21:46:08,594 - Velocimacro : initialization starting.
2021-10-28 21:46:08,594 - Velocimacro : adding VMs from VM library template : VM_global_library.vm
2021-10-28 21:46:08,595 - ResourceManager : unable to find resource 'VM_global_library.vm' in any resource loader.
2021-10-28 21:46:08,595 - Velocimacro : error using  VM library template VM_global_library.vm : org.apache.velocity.exception.ResourceNotFoundException: Unable to find resource 'VM_global_library.vm'
2021-10-28 21:46:08,595 - Velocimacro :  VM library template macro registration complete.
2021-10-28 21:46:08,596 - Velocimacro : allowInline = true : VMs can be defined inline in templates
2021-10-28 21:46:08,596 - Velocimacro : allowInlineToOverride = false : VMs defined inline may NOT replace previous VM definitions
2021-10-28 21:46:08,596 - Velocimacro : allowInlineLocal = false : VMs defined inline will be  global in scope if allowed.
2021-10-28 21:46:08,596 - Velocimacro : messages on  : VM system will output logging messages
2021-10-28 21:46:08,596 - Velocimacro : autoload off  : VM system will not automatically reload global library macros
2021-10-28 21:46:08,596 - Velocimacro : initialization complete.
2021-10-28 21:46:08,596 - Velocity successfully started.
2021-10-28 21:48:45,226 - SimpleLog4JLogSystem initialized using logfile 'velocity.log'
2021-10-28 21:48:45,227 - ************************************************************** 
2021-10-28 21:48:45,227 - Starting Jakarta Velocity v1.4
2021-10-28 21:48:45,227 - RuntimeInstance initializing.
2021-10-28 21:48:45,227 - Default Properties File: org/apache/velocity/runtime/defaults/velocity.properties
2021-10-28 21:48:45,227 - Trying to use logger class org.apache.velocity.runtime.log.SimpleLog4JLogSystem
2021-10-28 21:48:45,227 - Using logger class org.apache.velocity.runtime.log.SimpleLog4JLogSystem
2021-10-28 21:48:45,229 - Default ResourceManager initializing. (class org.apache.velocity.runtime.resource.ResourceManagerImpl)
2021-10-28 21:48:45,231 - Resource Loader Instantiated: org.apache.velocity.runtime.resource.loader.ClasspathResourceLoader
2021-10-28 21:48:45,231 - ClasspathResourceLoader : initialization starting.
2021-10-28 21:48:45,231 - ClasspathResourceLoader : initialization complete.
2021-10-28 21:48:45,232 - ResourceCache : initialized. (class org.apache.velocity.runtime.resource.ResourceCacheImpl)
2021-10-28 21:48:45,232 - Default ResourceManager initialization complete.
2021-10-28 21:48:45,233 - Loaded System Directive: org.apache.velocity.runtime.directive.Literal
2021-10-28 21:48:45,234 - Loaded System Directive: org.apache.velocity.runtime.directive.Macro
2021-10-28 21:48:45,235 - Loaded System Directive: org.apache.velocity.runtime.directive.Parse
2021-10-28 21:48:45,236 - Loaded System Directive: org.apache.velocity.runtime.directive.Include
2021-10-28 21:48:45,237 - Loaded System Directive: org.apache.velocity.runtime.directive.Foreach
2021-10-28 21:48:45,261 - Created: 20 parsers.
2021-10-28 21:48:45,262 - Velocimacro : initialization starting.
2021-10-28 21:48:45,263 - Velocimacro : adding VMs from VM library template : VM_global_library.vm
2021-10-28 21:48:45,264 - ResourceManager : unable to find resource 'VM_global_library.vm' in any resource loader.
2021-10-28 21:48:45,264 - Velocimacro : error using  VM library template VM_global_library.vm : org.apache.velocity.exception.ResourceNotFoundException: Unable to find resource 'VM_global_library.vm'
2021-10-28 21:48:45,264 - Velocimacro :  VM library template macro registration complete.
2021-10-28 21:48:45,264 - Velocimacro : allowInline = true : VMs can be defined inline in templates
2021-10-28 21:48:45,264 - Velocimacro : allowInlineToOverride = false : VMs defined inline may NOT replace previous VM definitions
2021-10-28 21:48:45,264 - Velocimacro : allowInlineLocal = false : VMs defined inline will be  global in scope if allowed.
2021-10-28 21:48:45,264 - Velocimacro : messages on  : VM system will output logging messages
2021-10-28 21:48:45,264 - Velocimacro : autoload off  : VM system will not automatically reload global library macros
2021-10-28 21:48:45,264 - Velocimacro : initialization complete.
2021-10-28 21:48:45,264 - Velocity successfully started.
2021-10-28 21:59:38,445 - SimpleLog4JLogSystem initialized using logfile 'velocity.log'
2021-10-28 21:59:38,446 - ************************************************************** 
2021-10-28 21:59:38,446 - Starting Jakarta Velocity v1.4
2021-10-28 21:59:38,446 - RuntimeInstance initializing.
2021-10-28 21:59:38,446 - Default Properties File: org/apache/velocity/runtime/defaults/velocity.properties
2021-10-28 21:59:38,446 - Trying to use logger class org.apache.velocity.runtime.log.SimpleLog4JLogSystem
2021-10-28 21:59:38,446 - Using logger class org.apache.velocity.runtime.log.SimpleLog4JLogSystem
2021-10-28 21:59:38,448 - Default ResourceManager initializing. (class org.apache.velocity.runtime.resource.ResourceManagerImpl)
2021-10-28 21:59:38,449 - Resource Loader Instantiated: org.apache.velocity.runtime.resource.loader.ClasspathResourceLoader
2021-10-28 21:59:38,449 - ClasspathResourceLoader : initialization starting.
2021-10-28 21:59:38,449 - ClasspathResourceLoader : initialization complete.
2021-10-28 21:59:38,450 - ResourceCache : initialized. (class org.apache.velocity.runtime.resource.ResourceCacheImpl)
2021-10-28 21:59:38,450 - Default ResourceManager initialization complete.
2021-10-28 21:59:38,451 - Loaded System Directive: org.apache.velocity.runtime.directive.Literal
2021-10-28 21:59:38,452 - Loaded System Directive: org.apache.velocity.runtime.directive.Macro
2021-10-28 21:59:38,453 - Loaded System Directive: org.apache.velocity.runtime.directive.Parse
2021-10-28 21:59:38,454 - Loaded System Directive: org.apache.velocity.runtime.directive.Include
2021-10-28 21:59:38,455 - Loaded System Directive: org.apache.velocity.runtime.directive.Foreach
2021-10-28 21:59:38,474 - Created: 20 parsers.
2021-10-28 21:59:38,476 - Velocimacro : initialization starting.
2021-10-28 21:59:38,476 - Velocimacro : adding VMs from VM library template : VM_global_library.vm
2021-10-28 21:59:38,478 - ResourceManager : unable to find resource 'VM_global_library.vm' in any resource loader.
2021-10-28 21:59:38,478 - Velocimacro : error using  VM library template VM_global_library.vm : org.apache.velocity.exception.ResourceNotFoundException: Unable to find resource 'VM_global_library.vm'
2021-10-28 21:59:38,478 - Velocimacro :  VM library template macro registration complete.
2021-10-28 21:59:38,478 - Velocimacro : allowInline = true : VMs can be defined inline in templates
2021-10-28 21:59:38,478 - Velocimacro : allowInlineToOverride = false : VMs defined inline may NOT replace previous VM definitions
2021-10-28 21:59:38,478 - Velocimacro : allowInlineLocal = false : VMs defined inline will be  global in scope if allowed.
2021-10-28 21:59:38,478 - Velocimacro : messages on  : VM system will output logging messages
2021-10-28 21:59:38,478 - Velocimacro : autoload off  : VM system will not automatically reload global library macros
2021-10-28 21:59:38,478 - Velocimacro : initialization complete.
2021-10-28 21:59:38,478 - Velocity successfully started.
2021-10-28 22:00:27,942 - SimpleLog4JLogSystem initialized using logfile 'velocity.log'
2021-10-28 22:00:27,943 - ************************************************************** 
2021-10-28 22:00:27,943 - Starting Jakarta Velocity v1.4
2021-10-28 22:00:27,943 - RuntimeInstance initializing.
2021-10-28 22:00:27,943 - Default Properties File: org/apache/velocity/runtime/defaults/velocity.properties
2021-10-28 22:00:27,943 - Trying to use logger class org.apache.velocity.runtime.log.SimpleLog4JLogSystem
2021-10-28 22:00:27,943 - Using logger class org.apache.velocity.runtime.log.SimpleLog4JLogSystem
2021-10-28 22:00:27,944 - Default ResourceManager initializing. (class org.apache.velocity.runtime.resource.ResourceManagerImpl)
2021-10-28 22:00:27,945 - Resource Loader Instantiated: org.apache.velocity.runtime.resource.loader.ClasspathResourceLoader
2021-10-28 22:00:27,946 - ClasspathResourceLoader : initialization starting.
2021-10-28 22:00:27,946 - ClasspathResourceLoader : initialization complete.
2021-10-28 22:00:27,946 - ResourceCache : initialized. (class org.apache.velocity.runtime.resource.ResourceCacheImpl)
2021-10-28 22:00:27,946 - Default ResourceManager initialization complete.
2021-10-28 22:00:27,947 - Loaded System Directive: org.apache.velocity.runtime.directive.Literal
2021-10-28 22:00:27,948 - Loaded System Directive: org.apache.velocity.runtime.directive.Macro
2021-10-28 22:00:27,949 - Loaded System Directive: org.apache.velocity.runtime.directive.Parse
2021-10-28 22:00:27,950 - Loaded System Directive: org.apache.velocity.runtime.directive.Include
2021-10-28 22:00:27,950 - Loaded System Directive: org.apache.velocity.runtime.directive.Foreach
2021-10-28 22:00:27,968 - Created: 20 parsers.
2021-10-28 22:00:27,970 - Velocimacro : initialization starting.
2021-10-28 22:00:27,970 - Velocimacro : adding VMs from VM library template : VM_global_library.vm
2021-10-28 22:00:27,972 - ResourceManager : unable to find resource 'VM_global_library.vm' in any resource loader.
2021-10-28 22:00:27,972 - Velocimacro : error using  VM library template VM_global_library.vm : org.apache.velocity.exception.ResourceNotFoundException: Unable to find resource 'VM_global_library.vm'
2021-10-28 22:00:27,972 - Velocimacro :  VM library template macro registration complete.
2021-10-28 22:00:27,972 - Velocimacro : allowInline = true : VMs can be defined inline in templates
2021-10-28 22:00:27,972 - Velocimacro : allowInlineToOverride = false : VMs defined inline may NOT replace previous VM definitions
2021-10-28 22:00:27,972 - Velocimacro : allowInlineLocal = false : VMs defined inline will be  global in scope if allowed.
2021-10-28 22:00:27,972 - Velocimacro : messages on  : VM system will output logging messages
2021-10-28 22:00:27,972 - Velocimacro : autoload off  : VM system will not automatically reload global library macros
2021-10-28 22:00:27,972 - Velocimacro : initialization complete.
2021-10-28 22:00:27,972 - Velocity successfully started.
2021-10-28 22:00:54,392 - SimpleLog4JLogSystem initialized using logfile 'velocity.log'
2021-10-28 22:00:54,392 - ************************************************************** 
2021-10-28 22:00:54,392 - Starting Jakarta Velocity v1.4
2021-10-28 22:00:54,392 - RuntimeInstance initializing.
2021-10-28 22:00:54,392 - Default Properties File: org/apache/velocity/runtime/defaults/velocity.properties
2021-10-28 22:00:54,392 - Trying to use logger class org.apache.velocity.runtime.log.SimpleLog4JLogSystem
2021-10-28 22:00:54,392 - Using logger class org.apache.velocity.runtime.log.SimpleLog4JLogSystem
2021-10-28 22:00:54,394 - Default ResourceManager initializing. (class org.apache.velocity.runtime.resource.ResourceManagerImpl)
2021-10-28 22:00:54,395 - Resource Loader Instantiated: org.apache.velocity.runtime.resource.loader.ClasspathResourceLoader
2021-10-28 22:00:54,395 - ClasspathResourceLoader : initialization starting.
2021-10-28 22:00:54,395 - ClasspathResourceLoader : initialization complete.
2021-10-28 22:00:54,396 - ResourceCache : initialized. (class org.apache.velocity.runtime.resource.ResourceCacheImpl)
2021-10-28 22:00:54,396 - Default ResourceManager initialization complete.
2021-10-28 22:00:54,397 - Loaded System Directive: org.apache.velocity.runtime.directive.Literal
2021-10-28 22:00:54,398 - Loaded System Directive: org.apache.velocity.runtime.directive.Macro
2021-10-28 22:00:54,399 - Loaded System Directive: org.apache.velocity.runtime.directive.Parse
2021-10-28 22:00:54,400 - Loaded System Directive: org.apache.velocity.runtime.directive.Include
2021-10-28 22:00:54,400 - Loaded System Directive: org.apache.velocity.runtime.directive.Foreach
2021-10-28 22:00:54,418 - Created: 20 parsers.
2021-10-28 22:00:54,423 - Velocimacro : initialization starting.
2021-10-28 22:00:54,423 - Velocimacro : adding VMs from VM library template : VM_global_library.vm
2021-10-28 22:00:54,424 - ResourceManager : unable to find resource 'VM_global_library.vm' in any resource loader.
2021-10-28 22:00:54,424 - Velocimacro : error using  VM library template VM_global_library.vm : org.apache.velocity.exception.ResourceNotFoundException: Unable to find resource 'VM_global_library.vm'
2021-10-28 22:00:54,424 - Velocimacro :  VM library template macro registration complete.
2021-10-28 22:00:54,424 - Velocimacro : allowInline = true : VMs can be defined inline in templates
2021-10-28 22:00:54,425 - Velocimacro : allowInlineToOverride = false : VMs defined inline may NOT replace previous VM definitions
2021-10-28 22:00:54,425 - Velocimacro : allowInlineLocal = false : VMs defined inline will be  global in scope if allowed.
2021-10-28 22:00:54,425 - Velocimacro : messages on  : VM system will output logging messages
2021-10-28 22:00:54,425 - Velocimacro : autoload off  : VM system will not automatically reload global library macros
2021-10-28 22:00:54,425 - Velocimacro : initialization complete.
2021-10-28 22:00:54,425 - Velocity successfully started.
2021-10-28 22:09:28,622 - SimpleLog4JLogSystem initialized using logfile 'velocity.log'
2021-10-28 22:09:28,628 - ************************************************************** 
2021-10-28 22:09:28,628 - Starting Jakarta Velocity v1.4
2021-10-28 22:09:28,629 - RuntimeInstance initializing.
2021-10-28 22:09:28,629 - Default Properties File: org/apache/velocity/runtime/defaults/velocity.properties
2021-10-28 22:09:28,629 - Trying to use logger class org.apache.velocity.runtime.log.SimpleLog4JLogSystem
2021-10-28 22:09:28,629 - Using logger class org.apache.velocity.runtime.log.SimpleLog4JLogSystem
2021-10-28 22:09:28,631 - Default ResourceManager initializing. (class org.apache.velocity.runtime.resource.ResourceManagerImpl)
2021-10-28 22:09:28,633 - Resource Loader Instantiated: org.apache.velocity.runtime.resource.loader.ClasspathResourceLoader
2021-10-28 22:09:28,633 - ClasspathResourceLoader : initialization starting.
2021-10-28 22:09:28,633 - ClasspathResourceLoader : initialization complete.
2021-10-28 22:09:28,634 - ResourceCache : initialized. (class org.apache.velocity.runtime.resource.ResourceCacheImpl)
2021-10-28 22:09:28,634 - Default ResourceManager initialization complete.
2021-10-28 22:09:28,636 - Loaded System Directive: org.apache.velocity.runtime.directive.Literal
2021-10-28 22:09:28,637 - Loaded System Directive: org.apache.velocity.runtime.directive.Macro
2021-10-28 22:09:28,638 - Loaded System Directive: org.apache.velocity.runtime.directive.Parse
2021-10-28 22:09:28,640 - Loaded System Directive: org.apache.velocity.runtime.directive.Include
2021-10-28 22:09:28,640 - Loaded System Directive: org.apache.velocity.runtime.directive.Foreach
2021-10-28 22:09:28,690 - Created: 20 parsers.
2021-10-28 22:09:28,693 - Velocimacro : initialization starting.
2021-10-28 22:09:28,693 - Velocimacro : adding VMs from VM library template : VM_global_library.vm
2021-10-28 22:09:28,694 - ResourceManager : unable to find resource 'VM_global_library.vm' in any resource loader.
2021-10-28 22:09:28,694 - Velocimacro : error using  VM library template VM_global_library.vm : org.apache.velocity.exception.ResourceNotFoundException: Unable to find resource 'VM_global_library.vm'
2021-10-28 22:09:28,694 - Velocimacro :  VM library template macro registration complete.
2021-10-28 22:09:28,694 - Velocimacro : allowInline = true : VMs can be defined inline in templates
2021-10-28 22:09:28,695 - Velocimacro : allowInlineToOverride = false : VMs defined inline may NOT replace previous VM definitions
2021-10-28 22:09:28,695 - Velocimacro : allowInlineLocal = false : VMs defined inline will be  global in scope if allowed.
2021-10-28 22:09:28,695 - Velocimacro : messages on  : VM system will output logging messages
2021-10-28 22:09:28,695 - Velocimacro : autoload off  : VM system will not automatically reload global library macros
2021-10-28 22:09:28,695 - Velocimacro : initialization complete.
2021-10-28 22:09:28,695 - Velocity successfully started.
2021-10-28 22:11:39,275 - SimpleLog4JLogSystem initialized using logfile 'velocity.log'
2021-10-28 22:11:39,276 - ************************************************************** 
2021-10-28 22:11:39,276 - Starting Jakarta Velocity v1.4
2021-10-28 22:11:39,276 - RuntimeInstance initializing.
2021-10-28 22:11:39,276 - Default Properties File: org/apache/velocity/runtime/defaults/velocity.properties
2021-10-28 22:11:39,276 - Trying to use logger class org.apache.velocity.runtime.log.SimpleLog4JLogSystem
2021-10-28 22:11:39,276 - Using logger class org.apache.velocity.runtime.log.SimpleLog4JLogSystem
2021-10-28 22:11:39,278 - Default ResourceManager initializing. (class org.apache.velocity.runtime.resource.ResourceManagerImpl)
2021-10-28 22:11:39,279 - Resource Loader Instantiated: org.apache.velocity.runtime.resource.loader.ClasspathResourceLoader
2021-10-28 22:11:39,279 - ClasspathResourceLoader : initialization starting.
2021-10-28 22:11:39,279 - ClasspathResourceLoader : initialization complete.
2021-10-28 22:11:39,280 - ResourceCache : initialized. (class org.apache.velocity.runtime.resource.ResourceCacheImpl)
2021-10-28 22:11:39,280 - Default ResourceManager initialization complete.
2021-10-28 22:11:39,281 - Loaded System Directive: org.apache.velocity.runtime.directive.Literal
2021-10-28 22:11:39,282 - Loaded System Directive: org.apache.velocity.runtime.directive.Macro
2021-10-28 22:11:39,283 - Loaded System Directive: org.apache.velocity.runtime.directive.Parse
2021-10-28 22:11:39,284 - Loaded System Directive: org.apache.velocity.runtime.directive.Include
2021-10-28 22:11:39,284 - Loaded System Directive: org.apache.velocity.runtime.directive.Foreach
2021-10-28 22:11:39,302 - Created: 20 parsers.
2021-10-28 22:11:39,304 - Velocimacro : initialization starting.
2021-10-28 22:11:39,304 - Velocimacro : adding VMs from VM library template : VM_global_library.vm
2021-10-28 22:11:39,306 - ResourceManager : unable to find resource 'VM_global_library.vm' in any resource loader.
2021-10-28 22:11:39,306 - Velocimacro : error using  VM library template VM_global_library.vm : org.apache.velocity.exception.ResourceNotFoundException: Unable to find resource 'VM_global_library.vm'
2021-10-28 22:11:39,306 - Velocimacro :  VM library template macro registration complete.
2021-10-28 22:11:39,306 - Velocimacro : allowInline = true : VMs can be defined inline in templates
2021-10-28 22:11:39,306 - Velocimacro : allowInlineToOverride = false : VMs defined inline may NOT replace previous VM definitions
2021-10-28 22:11:39,306 - Velocimacro : allowInlineLocal = false : VMs defined inline will be  global in scope if allowed.
2021-10-28 22:11:39,306 - Velocimacro : messages on  : VM system will output logging messages
2021-10-28 22:11:39,306 - Velocimacro : autoload off  : VM system will not automatically reload global library macros
2021-10-28 22:11:39,306 - Velocimacro : initialization complete.
2021-10-28 22:11:39,306 - Velocity successfully started.
2021-10-28 22:12:22,045 - SimpleLog4JLogSystem initialized using logfile 'velocity.log'
2021-10-28 22:12:22,046 - ************************************************************** 
2021-10-28 22:12:22,046 - Starting Jakarta Velocity v1.4
2021-10-28 22:12:22,046 - RuntimeInstance initializing.
2021-10-28 22:12:22,046 - Default Properties File: org/apache/velocity/runtime/defaults/velocity.properties
2021-10-28 22:12:22,046 - Trying to use logger class org.apache.velocity.runtime.log.SimpleLog4JLogSystem
2021-10-28 22:12:22,046 - Using logger class org.apache.velocity.runtime.log.SimpleLog4JLogSystem
2021-10-28 22:12:22,048 - Default ResourceManager initializing. (class org.apache.velocity.runtime.resource.ResourceManagerImpl)
2021-10-28 22:12:22,049 - Resource Loader Instantiated: org.apache.velocity.runtime.resource.loader.ClasspathResourceLoader
2021-10-28 22:12:22,049 - ClasspathResourceLoader : initialization starting.
2021-10-28 22:12:22,049 - ClasspathResourceLoader : initialization complete.
2021-10-28 22:12:22,049 - ResourceCache : initialized. (class org.apache.velocity.runtime.resource.ResourceCacheImpl)
2021-10-28 22:12:22,049 - Default ResourceManager initialization complete.
2021-10-28 22:12:22,050 - Loaded System Directive: org.apache.velocity.runtime.directive.Literal
2021-10-28 22:12:22,051 - Loaded System Directive: org.apache.velocity.runtime.directive.Macro
2021-10-28 22:12:22,052 - Loaded System Directive: org.apache.velocity.runtime.directive.Parse
2021-10-28 22:12:22,053 - Loaded System Directive: org.apache.velocity.runtime.directive.Include
2021-10-28 22:12:22,053 - Loaded System Directive: org.apache.velocity.runtime.directive.Foreach
2021-10-28 22:12:22,071 - Created: 20 parsers.
2021-10-28 22:12:22,073 - Velocimacro : initialization starting.
2021-10-28 22:12:22,073 - Velocimacro : adding VMs from VM library template : VM_global_library.vm
2021-10-28 22:12:22,075 - ResourceManager : unable to find resource 'VM_global_library.vm' in any resource loader.
2021-10-28 22:12:22,075 - Velocimacro : error using  VM library template VM_global_library.vm : org.apache.velocity.exception.ResourceNotFoundException: Unable to find resource 'VM_global_library.vm'
2021-10-28 22:12:22,075 - Velocimacro :  VM library template macro registration complete.
2021-10-28 22:12:22,075 - Velocimacro : allowInline = true : VMs can be defined inline in templates
2021-10-28 22:12:22,075 - Velocimacro : allowInlineToOverride = false : VMs defined inline may NOT replace previous VM definitions
2021-10-28 22:12:22,075 - Velocimacro : allowInlineLocal = false : VMs defined inline will be  global in scope if allowed.
2021-10-28 22:12:22,075 - Velocimacro : messages on  : VM system will output logging messages
2021-10-28 22:12:22,075 - Velocimacro : autoload off  : VM system will not automatically reload global library macros
2021-10-28 22:12:22,075 - Velocimacro : initialization complete.
2021-10-28 22:12:22,075 - Velocity successfully started.
2021-10-29 11:10:07,164 - SimpleLog4JLogSystem initialized using logfile 'velocity.log'
2021-10-29 11:10:07,165 - ************************************************************** 
2021-10-29 11:10:07,165 - Starting Jakarta Velocity v1.4
2021-10-29 11:10:07,165 - RuntimeInstance initializing.
2021-10-29 11:10:07,165 - Default Properties File: org/apache/velocity/runtime/defaults/velocity.properties
2021-10-29 11:10:07,165 - Trying to use logger class org.apache.velocity.runtime.log.SimpleLog4JLogSystem
2021-10-29 11:10:07,165 - Using logger class org.apache.velocity.runtime.log.SimpleLog4JLogSystem
2021-10-29 11:10:07,167 - Default ResourceManager initializing. (class org.apache.velocity.runtime.resource.ResourceManagerImpl)
2021-10-29 11:10:07,169 - Resource Loader Instantiated: org.apache.velocity.runtime.resource.loader.ClasspathResourceLoader
2021-10-29 11:10:07,169 - ClasspathResourceLoader : initialization starting.
2021-10-29 11:10:07,170 - ClasspathResourceLoader : initialization complete.
2021-10-29 11:10:07,170 - ResourceCache : initialized. (class org.apache.velocity.runtime.resource.ResourceCacheImpl)
2021-10-29 11:10:07,170 - Default ResourceManager initialization complete.
2021-10-29 11:10:07,171 - Loaded System Directive: org.apache.velocity.runtime.directive.Literal
2021-10-29 11:10:07,172 - Loaded System Directive: org.apache.velocity.runtime.directive.Macro
2021-10-29 11:10:07,173 - Loaded System Directive: org.apache.velocity.runtime.directive.Parse
2021-10-29 11:10:07,174 - Loaded System Directive: org.apache.velocity.runtime.directive.Include
2021-10-29 11:10:07,175 - Loaded System Directive: org.apache.velocity.runtime.directive.Foreach
2021-10-29 11:10:07,195 - Created: 20 parsers.
2021-10-29 11:10:07,197 - Velocimacro : initialization starting.
2021-10-29 11:10:07,197 - Velocimacro : adding VMs from VM library template : VM_global_library.vm
2021-10-29 11:10:07,199 - ResourceManager : unable to find resource 'VM_global_library.vm' in any resource loader.
2021-10-29 11:10:07,199 - Velocimacro : error using  VM library template VM_global_library.vm : org.apache.velocity.exception.ResourceNotFoundException: Unable to find resource 'VM_global_library.vm'
2021-10-29 11:10:07,199 - Velocimacro :  VM library template macro registration complete.
2021-10-29 11:10:07,199 - Velocimacro : allowInline = true : VMs can be defined inline in templates
2021-10-29 11:10:07,199 - Velocimacro : allowInlineToOverride = false : VMs defined inline may NOT replace previous VM definitions
2021-10-29 11:10:07,199 - Velocimacro : allowInlineLocal = false : VMs defined inline will be  global in scope if allowed.
2021-10-29 11:10:07,199 - Velocimacro : messages on  : VM system will output logging messages
2021-10-29 11:10:07,199 - Velocimacro : autoload off  : VM system will not automatically reload global library macros
2021-10-29 11:10:07,199 - Velocimacro : initialization complete.
2021-10-29 11:10:07,199 - Velocity successfully started.
2021-10-29 11:13:17,619 - SimpleLog4JLogSystem initialized using logfile 'velocity.log'
2021-10-29 11:13:17,619 - ************************************************************** 
2021-10-29 11:13:17,619 - Starting Jakarta Velocity v1.4
2021-10-29 11:13:17,619 - RuntimeInstance initializing.
2021-10-29 11:13:17,619 - Default Properties File: org/apache/velocity/runtime/defaults/velocity.properties
2021-10-29 11:13:17,619 - Trying to use logger class org.apache.velocity.runtime.log.SimpleLog4JLogSystem
2021-10-29 11:13:17,619 - Using logger class org.apache.velocity.runtime.log.SimpleLog4JLogSystem
2021-10-29 11:13:17,621 - Default ResourceManager initializing. (class org.apache.velocity.runtime.resource.ResourceManagerImpl)
2021-10-29 11:13:17,622 - Resource Loader Instantiated: org.apache.velocity.runtime.resource.loader.ClasspathResourceLoader
2021-10-29 11:13:17,622 - ClasspathResourceLoader : initialization starting.
2021-10-29 11:13:17,622 - ClasspathResourceLoader : initialization complete.
2021-10-29 11:13:17,623 - ResourceCache : initialized. (class org.apache.velocity.runtime.resource.ResourceCacheImpl)
2021-10-29 11:13:17,623 - Default ResourceManager initialization complete.
2021-10-29 11:13:17,624 - Loaded System Directive: org.apache.velocity.runtime.directive.Literal
2021-10-29 11:13:17,625 - Loaded System Directive: org.apache.velocity.runtime.directive.Macro
2021-10-29 11:13:17,626 - Loaded System Directive: org.apache.velocity.runtime.directive.Parse
2021-10-29 11:13:17,626 - Loaded System Directive: org.apache.velocity.runtime.directive.Include
2021-10-29 11:13:17,627 - Loaded System Directive: org.apache.velocity.runtime.directive.Foreach
2021-10-29 11:13:17,645 - Created: 20 parsers.
2021-10-29 11:13:17,647 - Velocimacro : initialization starting.
2021-10-29 11:13:17,647 - Velocimacro : adding VMs from VM library template : VM_global_library.vm
2021-10-29 11:13:17,648 - ResourceManager : unable to find resource 'VM_global_library.vm' in any resource loader.
2021-10-29 11:13:17,648 - Velocimacro : error using  VM library template VM_global_library.vm : org.apache.velocity.exception.ResourceNotFoundException: Unable to find resource 'VM_global_library.vm'
2021-10-29 11:13:17,648 - Velocimacro :  VM library template macro registration complete.
2021-10-29 11:13:17,648 - Velocimacro : allowInline = true : VMs can be defined inline in templates
2021-10-29 11:13:17,648 - Velocimacro : allowInlineToOverride = false : VMs defined inline may NOT replace previous VM definitions
2021-10-29 11:13:17,648 - Velocimacro : allowInlineLocal = false : VMs defined inline will be  global in scope if allowed.
2021-10-29 11:13:17,648 - Velocimacro : messages on  : VM system will output logging messages
2021-10-29 11:13:17,648 - Velocimacro : autoload off  : VM system will not automatically reload global library macros
2021-10-29 11:13:17,648 - Velocimacro : initialization complete.
2021-10-29 11:13:17,648 - Velocity successfully started.
2021-10-29 11:15:39,422 - SimpleLog4JLogSystem initialized using logfile 'velocity.log'
2021-10-29 11:15:39,422 - ************************************************************** 
2021-10-29 11:15:39,422 - Starting Jakarta Velocity v1.4
2021-10-29 11:15:39,422 - RuntimeInstance initializing.
2021-10-29 11:15:39,422 - Default Properties File: org/apache/velocity/runtime/defaults/velocity.properties
2021-10-29 11:15:39,422 - Trying to use logger class org.apache.velocity.runtime.log.SimpleLog4JLogSystem
2021-10-29 11:15:39,422 - Using logger class org.apache.velocity.runtime.log.SimpleLog4JLogSystem
2021-10-29 11:15:39,424 - Default ResourceManager initializing. (class org.apache.velocity.runtime.resource.ResourceManagerImpl)
2021-10-29 11:15:39,425 - Resource Loader Instantiated: org.apache.velocity.runtime.resource.loader.ClasspathResourceLoader
2021-10-29 11:15:39,425 - ClasspathResourceLoader : initialization starting.
2021-10-29 11:15:39,425 - ClasspathResourceLoader : initialization complete.
2021-10-29 11:15:39,426 - ResourceCache : initialized. (class org.apache.velocity.runtime.resource.ResourceCacheImpl)
2021-10-29 11:15:39,426 - Default ResourceManager initialization complete.
2021-10-29 11:15:39,427 - Loaded System Directive: org.apache.velocity.runtime.directive.Literal
2021-10-29 11:15:39,428 - Loaded System Directive: org.apache.velocity.runtime.directive.Macro
2021-10-29 11:15:39,429 - Loaded System Directive: org.apache.velocity.runtime.directive.Parse
2021-10-29 11:15:39,430 - Loaded System Directive: org.apache.velocity.runtime.directive.Include
2021-10-29 11:15:39,430 - Loaded System Directive: org.apache.velocity.runtime.directive.Foreach
2021-10-29 11:15:39,465 - Created: 20 parsers.
2021-10-29 11:15:39,466 - Velocimacro : initialization starting.
2021-10-29 11:15:39,467 - Velocimacro : adding VMs from VM library template : VM_global_library.vm
2021-10-29 11:15:39,468 - ResourceManager : unable to find resource 'VM_global_library.vm' in any resource loader.
2021-10-29 11:15:39,468 - Velocimacro : error using  VM library template VM_global_library.vm : org.apache.velocity.exception.ResourceNotFoundException: Unable to find resource 'VM_global_library.vm'
2021-10-29 11:15:39,468 - Velocimacro :  VM library template macro registration complete.
2021-10-29 11:15:39,468 - Velocimacro : allowInline = true : VMs can be defined inline in templates
2021-10-29 11:15:39,468 - Velocimacro : allowInlineToOverride = false : VMs defined inline may NOT replace previous VM definitions
2021-10-29 11:15:39,468 - Velocimacro : allowInlineLocal = false : VMs defined inline will be  global in scope if allowed.
2021-10-29 11:15:39,468 - Velocimacro : messages on  : VM system will output logging messages
2021-10-29 11:15:39,468 - Velocimacro : autoload off  : VM system will not automatically reload global library macros
2021-10-29 11:15:39,468 - Velocimacro : initialization complete.
2021-10-29 11:15:39,468 - Velocity successfully started.
2021-10-29 11:27:05,526 - SimpleLog4JLogSystem initialized using logfile 'velocity.log'
2021-10-29 11:27:05,527 - ************************************************************** 
2021-10-29 11:27:05,527 - Starting Jakarta Velocity v1.4
2021-10-29 11:27:05,527 - RuntimeInstance initializing.
2021-10-29 11:27:05,528 - Default Properties File: org/apache/velocity/runtime/defaults/velocity.properties
2021-10-29 11:27:05,528 - Trying to use logger class org.apache.velocity.runtime.log.SimpleLog4JLogSystem
2021-10-29 11:27:05,528 - Using logger class org.apache.velocity.runtime.log.SimpleLog4JLogSystem
2021-10-29 11:27:05,530 - Default ResourceManager initializing. (class org.apache.velocity.runtime.resource.ResourceManagerImpl)
2021-10-29 11:27:05,531 - Resource Loader Instantiated: org.apache.velocity.runtime.resource.loader.ClasspathResourceLoader
2021-10-29 11:27:05,531 - ClasspathResourceLoader : initialization starting.
2021-10-29 11:27:05,531 - ClasspathResourceLoader : initialization complete.
2021-10-29 11:27:05,532 - ResourceCache : initialized. (class org.apache.velocity.runtime.resource.ResourceCacheImpl)
2021-10-29 11:27:05,532 - Default ResourceManager initialization complete.
2021-10-29 11:27:05,533 - Loaded System Directive: org.apache.velocity.runtime.directive.Literal
2021-10-29 11:27:05,534 - Loaded System Directive: org.apache.velocity.runtime.directive.Macro
2021-10-29 11:27:05,538 - Loaded System Directive: org.apache.velocity.runtime.directive.Parse
2021-10-29 11:27:05,539 - Loaded System Directive: org.apache.velocity.runtime.directive.Include
2021-10-29 11:27:05,539 - Loaded System Directive: org.apache.velocity.runtime.directive.Foreach
2021-10-29 11:27:05,571 - Created: 20 parsers.
2021-10-29 11:27:05,574 - Velocimacro : initialization starting.
2021-10-29 11:27:05,574 - Velocimacro : adding VMs from VM library template : VM_global_library.vm
2021-10-29 11:27:05,576 - ResourceManager : unable to find resource 'VM_global_library.vm' in any resource loader.
2021-10-29 11:27:05,576 - Velocimacro : error using  VM library template VM_global_library.vm : org.apache.velocity.exception.ResourceNotFoundException: Unable to find resource 'VM_global_library.vm'
2021-10-29 11:27:05,576 - Velocimacro :  VM library template macro registration complete.
2021-10-29 11:27:05,577 - Velocimacro : allowInline = true : VMs can be defined inline in templates
2021-10-29 11:27:05,577 - Velocimacro : allowInlineToOverride = false : VMs defined inline may NOT replace previous VM definitions
2021-10-29 11:27:05,577 - Velocimacro : allowInlineLocal = false : VMs defined inline will be  global in scope if allowed.
2021-10-29 11:27:05,577 - Velocimacro : messages on  : VM system will output logging messages
2021-10-29 11:27:05,577 - Velocimacro : autoload off  : VM system will not automatically reload global library macros
2021-10-29 11:27:05,577 - Velocimacro : initialization complete.
2021-10-29 11:27:05,577 - Velocity successfully started.
2021-10-29 11:29:02,438 - SimpleLog4JLogSystem initialized using logfile 'velocity.log'
2021-10-29 11:29:02,438 - ************************************************************** 
2021-10-29 11:29:02,438 - Starting Jakarta Velocity v1.4
2021-10-29 11:29:02,438 - RuntimeInstance initializing.
2021-10-29 11:29:02,438 - Default Properties File: org/apache/velocity/runtime/defaults/velocity.properties
2021-10-29 11:29:02,438 - Trying to use logger class org.apache.velocity.runtime.log.SimpleLog4JLogSystem
2021-10-29 11:29:02,438 - Using logger class org.apache.velocity.runtime.log.SimpleLog4JLogSystem
2021-10-29 11:29:02,440 - Default ResourceManager initializing. (class org.apache.velocity.runtime.resource.ResourceManagerImpl)
2021-10-29 11:29:02,448 - Resource Loader Instantiated: org.apache.velocity.runtime.resource.loader.ClasspathResourceLoader
2021-10-29 11:29:02,448 - ClasspathResourceLoader : initialization starting.
2021-10-29 11:29:02,448 - ClasspathResourceLoader : initialization complete.
2021-10-29 11:29:02,449 - ResourceCache : initialized. (class org.apache.velocity.runtime.resource.ResourceCacheImpl)
2021-10-29 11:29:02,449 - Default ResourceManager initialization complete.
2021-10-29 11:29:02,452 - Loaded System Directive: org.apache.velocity.runtime.directive.Literal
2021-10-29 11:29:02,453 - Loaded System Directive: org.apache.velocity.runtime.directive.Macro
2021-10-29 11:29:02,455 - Loaded System Directive: org.apache.velocity.runtime.directive.Parse
2021-10-29 11:29:02,457 - Loaded System Directive: org.apache.velocity.runtime.directive.Include
2021-10-29 11:29:02,457 - Loaded System Directive: org.apache.velocity.runtime.directive.Foreach
2021-10-29 11:29:02,498 - Created: 20 parsers.
2021-10-29 11:29:02,503 - Velocimacro : initialization starting.
2021-10-29 11:29:02,503 - Velocimacro : adding VMs from VM library template : VM_global_library.vm
2021-10-29 11:29:02,508 - ResourceManager : unable to find resource 'VM_global_library.vm' in any resource loader.
2021-10-29 11:29:02,509 - Velocimacro : error using  VM library template VM_global_library.vm : org.apache.velocity.exception.ResourceNotFoundException: Unable to find resource 'VM_global_library.vm'
2021-10-29 11:29:02,509 - Velocimacro :  VM library template macro registration complete.
2021-10-29 11:29:02,509 - Velocimacro : allowInline = true : VMs can be defined inline in templates
2021-10-29 11:29:02,509 - Velocimacro : allowInlineToOverride = false : VMs defined inline may NOT replace previous VM definitions
2021-10-29 11:29:02,509 - Velocimacro : allowInlineLocal = false : VMs defined inline will be  global in scope if allowed.
2021-10-29 11:29:02,509 - Velocimacro : messages on  : VM system will output logging messages
2021-10-29 11:29:02,509 - Velocimacro : autoload off  : VM system will not automatically reload global library macros
2021-10-29 11:29:02,509 - Velocimacro : initialization complete.
2021-10-29 11:29:02,509 - Velocity successfully started.
2021-10-29 11:34:27,022 - SimpleLog4JLogSystem initialized using logfile 'velocity.log'
2021-10-29 11:34:27,022 - ************************************************************** 
2021-10-29 11:34:27,022 - Starting Jakarta Velocity v1.4
2021-10-29 11:34:27,022 - RuntimeInstance initializing.
2021-10-29 11:34:27,022 - Default Properties File: org/apache/velocity/runtime/defaults/velocity.properties
2021-10-29 11:34:27,022 - Trying to use logger class org.apache.velocity.runtime.log.SimpleLog4JLogSystem
2021-10-29 11:34:27,022 - Using logger class org.apache.velocity.runtime.log.SimpleLog4JLogSystem
2021-10-29 11:34:27,024 - Default ResourceManager initializing. (class org.apache.velocity.runtime.resource.ResourceManagerImpl)
2021-10-29 11:34:27,025 - Resource Loader Instantiated: org.apache.velocity.runtime.resource.loader.ClasspathResourceLoader
2021-10-29 11:34:27,025 - ClasspathResourceLoader : initialization starting.
2021-10-29 11:34:27,025 - ClasspathResourceLoader : initialization complete.
2021-10-29 11:34:27,026 - ResourceCache : initialized. (class org.apache.velocity.runtime.resource.ResourceCacheImpl)
2021-10-29 11:34:27,026 - Default ResourceManager initialization complete.
2021-10-29 11:34:27,027 - Loaded System Directive: org.apache.velocity.runtime.directive.Literal
2021-10-29 11:34:27,028 - Loaded System Directive: org.apache.velocity.runtime.directive.Macro
2021-10-29 11:34:27,029 - Loaded System Directive: org.apache.velocity.runtime.directive.Parse
2021-10-29 11:34:27,030 - Loaded System Directive: org.apache.velocity.runtime.directive.Include
2021-10-29 11:34:27,030 - Loaded System Directive: org.apache.velocity.runtime.directive.Foreach
2021-10-29 11:34:27,048 - Created: 20 parsers.
2021-10-29 11:34:27,050 - Velocimacro : initialization starting.
2021-10-29 11:34:27,050 - Velocimacro : adding VMs from VM library template : VM_global_library.vm
2021-10-29 11:34:27,051 - ResourceManager : unable to find resource 'VM_global_library.vm' in any resource loader.
2021-10-29 11:34:27,051 - Velocimacro : error using  VM library template VM_global_library.vm : org.apache.velocity.exception.ResourceNotFoundException: Unable to find resource 'VM_global_library.vm'
2021-10-29 11:34:27,051 - Velocimacro :  VM library template macro registration complete.
2021-10-29 11:34:27,051 - Velocimacro : allowInline = true : VMs can be defined inline in templates
2021-10-29 11:34:27,051 - Velocimacro : allowInlineToOverride = false : VMs defined inline may NOT replace previous VM definitions
2021-10-29 11:34:27,051 - Velocimacro : allowInlineLocal = false : VMs defined inline will be  global in scope if allowed.
2021-10-29 11:34:27,052 - Velocimacro : messages on  : VM system will output logging messages
2021-10-29 11:34:27,052 - Velocimacro : autoload off  : VM system will not automatically reload global library macros
2021-10-29 11:34:27,052 - Velocimacro : initialization complete.
2021-10-29 11:34:27,052 - Velocity successfully started.
